  0.37840124765396416     
  0.29396637126857278     
  0.20659428007382899     
  0.11715796712357678     
   2.6551050493101028E-002
  -6.4321155457291571E-002
 -0.15455068568410210     
 -0.24323599654722150     
 -0.32949097373597147     
 -0.41245378603038690     
 -0.49129549643388193     
 -0.56522834463770888     
 -0.63351361806156570     
 -0.69546903282551154     
 -0.75047555090496221     
 -0.79798356535400550     
 -0.83751839179632803     
 -0.86868501131459452     
 -0.89117201734889273     
 -0.90475472716814420     
 -0.90929742682568171     
 -0.90475472716814409     
 -0.89117201734889273     
 -0.86868501131459441     
 -0.83751839179632792     
 -0.79798356535400550     
 -0.75047555090496210     
 -0.69546903282551131     
 -0.63351361806156548     
 -0.56522834463770855     
 -0.49129549643388193     
 -0.41245378603038690     
 -0.32949097373597125     
 -0.24323599654722108     
 -0.15455068568410171     
  -6.4321155457291571E-002
   2.6551050493101028E-002
  0.11715796712357698     
  0.20659428007382916     
  0.29396637126857311     
  0.37840124765396416     
  0.45905526385561973     
  0.39379978791540099     
  0.30592894547135946     
  0.21500136213083257     
  0.12192555624989554     
   2.7631510514140221E-002
  -6.6938620140909580E-002
 -0.16083992223047741     
 -0.25313416498372787     
 -0.34289917483549087     
 -0.42923804947969491     
 -0.51128811942073293     
 -0.58822956748190069     
 -0.65929362014763271     
 -0.72377022889434539     
 -0.78101516476057475     
 -0.83045645526980560     
 -0.87160009939038730     
 -0.90403500343054777     
 -0.92743708855067120     
 -0.94157252885193843     
 -0.94630008768741447     
 -0.94157252885193832     
 -0.92743708855067120     
 -0.90403500343054766     
 -0.87160009939038718     
 -0.83045645526980560     
 -0.78101516476057464     
 -0.72377022889434517     
 -0.65929362014763249     
 -0.58822956748190047     
 -0.51128811942073293     
 -0.42923804947969491     
 -0.34289917483549065     
 -0.25313416498372743     
 -0.16083992223047697     
  -6.6938620140909580E-002
   2.7631510514140221E-002
  0.12192555624989575     
  0.21500136213083276     
  0.30592894547135985     
  0.39379978791540099     
  0.47773591305149515     
  0.40526361086889012     
  0.31483477877766058     
  0.22126022164742623     
  0.12547490552139579     
   2.8435885615885139E-002
  -6.8887256259045584E-002
 -0.16552209944053539     
 -0.26050310051874692     
 -0.35288124072745131     
 -0.44173350822583662     
 -0.52617212052771389     
 -0.60535339493065665     
 -0.67848617831468039     
 -0.74483975208269593     
 -0.80375113325918868     
 -0.85463169879695655     
 -0.89697306690402512     
 -0.93035217662646419     
 -0.95443551493359335     
 -0.96898244906994158     
 -0.97384763087819515     
 -0.96898244906994146     
 -0.95443551493359335     
 -0.93035217662646408     
 -0.89697306690402501     
 -0.85463169879695655     
 -0.80375113325918857     
 -0.74483975208269571     
 -0.67848617831468017     
 -0.60535339493065632     
 -0.52617212052771389     
 -0.44173350822583662     
 -0.35288124072745108     
 -0.26050310051874653     
 -0.16552209944053495     
  -6.8887256259045584E-002
   2.8435885615885139E-002
  0.12547490552139601     
  0.22126022164742642     
  0.31483477877766097     
  0.40526361086889012     
  0.49164318292265713     
  0.41267817378491639     
  0.32059488704495670     
  0.22530832216822405     
  0.12777055101341561     
   2.8956138748210201E-002
  -7.0147593683740642E-002
 -0.16855043454731516     
 -0.26526917518425902     
 -0.35933743390909267     
 -0.44981531177547007     
 -0.53579878373576051     
 -0.61642873136049348     
 -0.69089952686571998     
 -0.75846708267952379     
 -0.81845628611907772     
 -0.87026774489340830     
 -0.91338377603303333     
 -0.94737357840707093     
 -0.97189753714573446     
 -0.98671061695985018     
 -0.99166481045246857     
 -0.98671061695985007     
 -0.97189753714573446     
 -0.94737357840707082     
 -0.91338377603303322     
 -0.87026774489340830     
 -0.81845628611907761     
 -0.75846708267952356     
 -0.69089952686571976     
 -0.61642873136049314     
 -0.53579878373576051     
 -0.44981531177547007     
 -0.35933743390909245     
 -0.26526917518425858     
 -0.16855043454731472     
  -7.0147593683740642E-002
   2.8956138748210201E-002
  0.12777055101341583     
  0.22530832216822425     
  0.32059488704495709     
  0.41267817378491639     
  0.50063811662568525     
  0.41596939280175144     
  0.32315171717547964     
  0.22710521641094630     
  0.12878955539503822     
   2.9187071713790043E-002
  -7.0707039540059358E-002
 -0.16989466942746431     
 -0.26738476793766108     
 -0.36220324623227773     
 -0.45340270941901639     
 -0.54007192260824977     
 -0.62134491567082384     
 -0.69640963572533687     
 -0.76451606090210178     
 -0.82498369431374330     
 -0.87720836335515451     
 -0.92066825639645400     
 -0.95492913655230371     
 -0.97964868043332765     
 -0.99457989852826156     
 -0.99957360304150511     
 -0.99457989852826145     
 -0.97964868043332765     
 -0.95492913655230360     
 -0.92066825639645389     
 -0.87720836335515451     
 -0.82498369431374319     
 -0.76451606090210156     
 -0.69640963572533665     
 -0.62134491567082351     
 -0.54007192260824977     
 -0.45340270941901639     
 -0.36220324623227751     
 -0.26738476793766064     
 -0.16989466942746387     
  -7.0707039540059358E-002
   2.9187071713790043E-002
  0.12878955539503845     
  0.22710521641094650     
  0.32315171717548002     
  0.41596939280175144     
  0.50463083975634848     
  0.41510438314691145     
  0.32247972216774085     
  0.22663295040229403     
  0.12852173711132051     
   2.9126377106768877E-002
  -7.0560004029933607E-002
 -0.16954137293040533     
 -0.26682874047548322     
 -0.36145004344758480     
 -0.45245985706505731     
 -0.53894884135407983     
 -0.62005282697309316     
 -0.69496144970720575     
 -0.76292624735955650     
 -0.82326813813817867     
 -0.87538420581678911     
 -0.91875372387442500     
 -0.95294335842271083     
 -0.97761149793483082     
 -0.99251166651498279     
 -0.99749498660405445     
 -0.99251166651498268     
 -0.97761149793483082     
 -0.95294335842271072     
 -0.91875372387442489     
 -0.87538420581678911     
 -0.82326813813817856     
 -0.76292624735955639     
 -0.69496144970720553     
 -0.62005282697309283     
 -0.53894884135407983     
 -0.45245985706505731     
 -0.36145004344758458     
 -0.26682874047548277     
 -0.16954137293040489     
  -7.0560004029933607E-002
   2.9126377106768877E-002
  0.12852173711132073     
  0.22663295040229423     
  0.32247972216774123     
  0.41510438314691145     
  0.50358145834494428     
  0.41009178771093335     
  0.31858561637372562     
  0.22389624286811524     
  0.12696977211402444     
   2.8774661367597085E-002
  -6.9707956283577080E-002
 -0.16749407507795255     
 -0.26360664844032922     
 -0.35708535130826274     
 -0.44699617538264796     
 -0.53244076142990071     
 -0.61256537539046163     
 -0.68656943860731279     
 -0.75371352694328242     
 -0.81332675886260219     
 -0.86481349865744894     
 -0.90765930784304583     
 -0.94143608525695199     
 -0.96580634450436575     
 -0.98052658601062370     
 -0.98544972998846014     
 -0.98052658601062359     
 -0.96580634450436575     
 -0.94143608525695188     
 -0.90765930784304572     
 -0.86481349865744894     
 -0.81332675886260208     
 -0.75371352694328220     
 -0.68656943860731257     
 -0.61256537539046130     
 -0.53244076142990071     
 -0.44699617538264796     
 -0.35708535130826252     
 -0.26360664844032877     
 -0.16749407507795211     
  -6.9707956283577080E-002
   2.8774661367597085E-002
  0.12696977211402466     
  0.22389624286811544     
  0.31858561637372601     
  0.41009178771093335     
  0.49750045746365590     
  0.40098169069046974     
  0.31150830841130756     
  0.21892243808545625     
  0.12414916712439159     
   2.8135438723678709E-002
  -6.8159409680421848E-002
 -0.16377323179350098     
 -0.25775068591073225     
 -0.34915278037539238     
 -0.43706625567310597     
 -0.52061270941902993     
 -0.59895737306412034     
 -0.67131745262653841     
 -0.73696995011035860     
 -0.79525888746255280     
 -0.84560186088885902     
 -0.88749586003997605     
 -0.92052229392470086     
 -0.94435117333274488     
 -0.95874440797784333     
 -0.96355818541719296     
 -0.95874440797784322     
 -0.94435117333274488     
 -0.92052229392470075     
 -0.88749586003997594     
 -0.84560186088885902     
 -0.79525888746255269     
 -0.73696995011035837     
 -0.67131745262653819     
 -0.59895737306412011     
 -0.52061270941902993     
 -0.43706625567310597     
 -0.34915278037539216     
 -0.25775068591073186     
 -0.16377323179350056     
  -6.8159409680421848E-002
   2.8135438723678709E-002
  0.12414916712439181     
  0.21892243808545644     
  0.31150830841130794     
  0.40098169069046974     
  0.48644859646317745     
  0.38786511716355132     
  0.30131851240220014     
  0.21176123266758409     
  0.12008810469511029     
   2.7215096076372867E-002
  -6.5929836786245172E-002
 -0.15841602051320158     
 -0.24931936372856431     
 -0.33773159027557548     
 -0.42276931441177407     
 -0.50358286730732571     
 -0.57936478665510671     
 -0.64935788456716614     
 -0.71286281314580879     
 -0.76924505213661520     
 -0.81794124884507979     
 -0.85846484697051395     
 -0.89041094811576893     
 -0.91346035739817832     
 -0.92738277273931413     
 -0.93203908596722629     
 -0.92738277273931402     
 -0.91346035739817832     
 -0.89041094811576882     
 -0.85846484697051384     
 -0.81794124884507979     
 -0.76924505213661509     
 -0.71286281314580857     
 -0.64935788456716592     
 -0.57936478665510638     
 -0.50358286730732571     
 -0.42276931441177407     
 -0.33773159027557526     
 -0.24931936372856389     
 -0.15841602051320117     
  -6.5929836786245172E-002
   2.7215096076372867E-002
  0.12008810469511048     
  0.21176123266758429     
  0.30131851240220053     
  0.38786511716355132     
  0.47053630188536627     
  0.37087312359709645     
  0.28811804141982772     
  0.20248417901185442     
  0.11482716161956519     
   2.6022829185186613E-002
  -6.3041514756406875E-002
 -0.15147596872130856     
 -0.23839692487804501     
 -0.32293589776494608     
 -0.40424820190979505     
 -0.48152139164785107     
 -0.55398337881037152     
 -0.62091014717437720     
 -0.68163298659342297     
 -0.73554517452833590     
 -0.78210803821827035     
 -0.82085633692087279     
 -0.85140291044399163     
 -0.87344254752233830     
 -0.88675503538756151     
 -0.89120736006143542     
 -0.88675503538756151     
 -0.87344254752233830     
 -0.85140291044399152     
 -0.82085633692087279     
 -0.78210803821827035     
 -0.73554517452833579     
 -0.68163298659342275     
 -0.62091014717437698     
 -0.55398337881037130     
 -0.48152139164785107     
 -0.40424820190979505     
 -0.32293589776494586     
 -0.23839692487804462     
 -0.15147596872130817     
  -6.3041514756406875E-002
   2.6022829185186613E-002
  0.11482716161956538     
  0.20248417901185461     
  0.28811804141982805     
  0.37087312359709645     
  0.44992256411773862     
  0.35017548837401463     
  0.27203879020675048     
  0.19118397037180895     
  0.10841890350193052     
   2.4570550786785637E-002
  -5.9523302749876744E-002
 -0.14302241912125030     
 -0.22509250275769044     
 -0.30491353651226449     
 -0.38168797500102275     
 -0.45464871341284091     
 -0.52306675216712140     
 -0.58625848083662824     
 -0.64359250855690420     
 -0.69449597267507790     
 -0.73846026260412878     
 -0.77504610169174781     
 -0.80388793632744204     
 -0.82469758843337460     
 -0.83726713484445936     
 -0.84147098480789650     
 -0.83726713484445936     
 -0.82469758843337460     
 -0.80388793632744193     
 -0.77504610169174770     
 -0.73846026260412878     
 -0.69449597267507779     
 -0.64359250855690397     
 -0.58625848083662813     
 -0.52306675216712106     
 -0.45464871341284091     
 -0.38168797500102275     
 -0.30491353651226433     
 -0.22509250275769008     
 -0.14302241912124994     
  -5.9523302749876744E-002
   2.4570550786785637E-002
  0.10841890350193070     
  0.19118397037180912     
  0.27203879020675081     
  0.35017548837401463     
  0.42481334881407273     
  0.32597901542372648     
  0.25324141732599570     
  0.17797351469682676     
  0.10092735953902922     
   2.2872771566867348E-002
  -5.5410353578057778E-002
 -0.13313983678625865     
 -0.20953903075546995     
 -0.28384457999376711     
 -0.35531404801531014     
 -0.42323333552029319     
 -0.48692381543909757     
 -0.54574911354964839     
 -0.59912146691828316     
 -0.64650759663269697     
 -0.68743403614855525     
 -0.72149186201069793     
 -0.74834077968113077     
 -0.76771252364956311     
 -0.77941353785370959     
 -0.78332690962748330     
 -0.77941353785370948     
 -0.76771252364956311     
 -0.74834077968113077     
 -0.72149186201069782     
 -0.68743403614855525     
 -0.64650759663269686     
 -0.59912146691828305     
 -0.54574911354964817     
 -0.48692381543909730     
 -0.42323333552029319     
 -0.35531404801531014     
 -0.28384457999376694     
 -0.20953903075546959     
 -0.13313983678625829     
  -5.5410353578057778E-002
   2.2872771566867348E-002
  0.10092735953902938     
  0.17797351469682690     
  0.25324141732599603     
  0.32597901542372648     
  0.39545953895367986     
  0.29852546790566070     
  0.23191373991380262     
  0.16298480649321614     
   9.2427382761763405E-002
   2.0946455174185981E-002
  -5.0743762469514550E-002
 -0.12192696521227747     
 -0.19189191402233549     
 -0.25993954225851562     
 -0.32538994051303738     
 -0.38758915004156697     
 -0.44591569690282024     
 -0.49978680152075255     
 -0.54866420162544127     
 -0.59205953039176062     
 -0.62953919603926622     
 -0.66072871413793832     
 -0.68531644933281910     
 -0.70305672910146588     
 -0.71377229843258716     
 -0.71735609089952268     
 -0.71377229843258705     
 -0.70305672910146588     
 -0.68531644933281910     
 -0.66072871413793832     
 -0.62953919603926622     
 -0.59205953039176062     
 -0.54866420162544116     
 -0.49978680152075244     
 -0.44591569690281996     
 -0.38758915004156697     
 -0.32538994051303738     
 -0.25993954225851545     
 -0.19189191402233516     
 -0.12192696521227715     
  -5.0743762469514550E-002
   2.0946455174185981E-002
   9.2427382761763557E-002
  0.16298480649321628     
  0.23191373991380290     
  0.29852546790566070     
  0.36215442810160559     
  0.26808915259168153     
  0.20826885707288101     
  0.14636760797873946     
   8.3003902128372761E-002
   1.8810848725381663E-002
  -4.5570156460033706E-002
 -0.10949583970559142     
 -0.17232747671532325     
 -0.23343727454160576     
 -0.29221464428477228     
 -0.34807230189556454     
 -0.40045213612322200     
 -0.44883078497861317     
 -0.49272486499423013     
 -0.53169580103201053     
 -0.56535420838114381     
 -0.59336378336138740     
 -0.61544466355827354     
 -0.63137622411584315     
 -0.64099928214727908     
 -0.64421768723769102     
 -0.64099928214727897     
 -0.63137622411584315     
 -0.61544466355827343     
 -0.59336378336138740     
 -0.56535420838114381     
 -0.53169580103201053     
 -0.49272486499422996     
 -0.44883078497861301     
 -0.40045213612322178     
 -0.34807230189556454     
 -0.29221464428477228     
 -0.23343727454160562     
 -0.17232747671532297     
 -0.10949583970559112     
  -4.5570156460033706E-002
   1.8810848725381663E-002
   8.3003902128372900E-002
  0.14636760797873957     
  0.20826885707288126     
  0.26808915259168153     
  0.32523078991627791     
  0.23497417908349794     
  0.18254302065661818     
  0.12828795270803772     
   7.2751073942357539E-002
   1.6487290494153210E-002
  -3.9941228510695183E-002
  -9.5970667963079501E-002
 -0.15104120022486178     
 -0.20460257874157992     
 -0.25611963592413273     
 -0.30507763036642732     
 -0.35098738997135742     
 -0.39339019959669946     
 -0.43186238438518237     
 -0.46601954298361309     
 -0.49552038835413170     
 -0.52007015780147881     
 -0.53942355814441145     
 -0.55338721660408652     
 -0.56182161292094701     
 -0.56464247339503526     
 -0.56182161292094690     
 -0.55338721660408652     
 -0.53942355814441134     
 -0.52007015780147869     
 -0.49552038835413170     
 -0.46601954298361303     
 -0.43186238438518226     
 -0.39339019959669935     
 -0.35098738997135720     
 -0.30507763036642732     
 -0.25611963592413273     
 -0.20460257874157978     
 -0.15104120022486153     
  -9.5970667963079251E-002
  -3.9941228510695183E-002
   1.6487290494153210E-002
   7.2751073942357664E-002
  0.12828795270803783     
  0.18254302065661837     
  0.23497417908349794     
  0.28505755318511244     
  0.19951142125004898     
  0.15499327471865459     
  0.10892648662023642     
   6.1771341073818063E-002
   1.3998996706280827E-002
  -3.3913221008892595E-002
  -8.1486589029965598E-002
 -0.12824576998933629     
 -0.17372356160738880     
 -0.21746556482323487     
 -0.25903472399992572     
 -0.29801569383990489     
 -0.33401898937792673     
 -0.36668487758608259     
 -0.39568697170730360     
 -0.42073549240394825     
 -0.44158016313715581     
 -0.45801271084729200     
 -0.46986894694951531     
 -0.47703040785184297     
 -0.47942553860420301     
 -0.47703040785184292     
 -0.46986894694951531     
 -0.45801271084729195     
 -0.44158016313715576     
 -0.42073549240394825     
 -0.39568697170730355     
 -0.36668487758608248     
 -0.33401898937792662     
 -0.29801569383990473     
 -0.25903472399992572     
 -0.21746556482323487     
 -0.17372356160738869     
 -0.12824576998933607     
  -8.1486589029965389E-002
  -3.3913221008892595E-002
   1.3998996706280827E-002
   6.1771341073818167E-002
  0.10892648662023652     
  0.15499327471865479     
  0.19951142125004898     
  0.24203611561002070     
  0.16205521124517711     
  0.12589488721366707     
   8.8476663084434998E-002
   5.0174409384159568E-002
   1.1370829570772359E-002
  -2.7546363812989569E-002
  -6.6188323035149363E-002
 -0.10416895041249266     
 -0.14110875607099119     
 -0.17663864968318163     
 -0.21040362829671239     
 -0.24206632340649495     
 -0.27131037182928791     
 -0.29784357670004785     
 -0.32140082700641759     
 -0.34174674649032755     
 -0.35867804544976134     
 -0.37202555194225956     
 -0.38165590209504818     
 -0.38747287263277125     
 -0.38941834230865041     
 -0.38747287263277119     
 -0.38165590209504818     
 -0.37202555194225950     
 -0.35867804544976128     
 -0.34174674649032755     
 -0.32140082700641753     
 -0.29784357670004774     
 -0.27131037182928780     
 -0.24206632340649481     
 -0.21040362829671239     
 -0.17663864968318163     
 -0.14110875607099110     
 -0.10416895041249248     
  -6.6188323035149196E-002
  -2.7546363812989569E-002
   1.1370829570772359E-002
   5.0174409384159652E-002
   8.8476663084435081E-002
  0.12589488721366723     
  0.16205521124517711     
  0.19659633317425620     
  0.12297979913787414     
   9.5538599610957411E-002
   6.7142809977590298E-002
   3.8076151581389203E-002
   8.6290488648892594E-003
  -2.0904272455484405E-002
  -5.0228725195516633E-002
  -7.9051309116804330E-002
 -0.10708403848828546     
 -0.13404681954446859     
 -0.15967024908975086     
 -0.18369830628609538     
 -0.20589091072861607     
 -0.22602632124962288     
 -0.24390335148307177     
 -0.25934338005223062     
 -0.27219213529543129     
 -0.28232123669751752     
 -0.28962947762551539     
 -0.29404383655185568     
 -0.29552020666133938     
 -0.29404383655185562     
 -0.28962947762551539     
 -0.28232123669751746     
 -0.27219213529543124     
 -0.25934338005223062     
 -0.24390335148307171     
 -0.22602632124962282     
 -0.20589091072861598     
 -0.18369830628609529     
 -0.15967024908975086     
 -0.13404681954446859     
 -0.10708403848828540     
  -7.9051309116804191E-002
  -5.0228725195516501E-002
  -2.0904272455484405E-002
   8.6290488648892594E-003
   3.8076151581389266E-002
   6.7142809977590354E-002
   9.5538599610957523E-002
  0.12297979913787414     
  0.14919222516352215     
   8.2675613529302486E-002
   6.4227721901797388E-002
   4.5138088107911735E-002
   2.5597449458319956E-002
   5.8010495551325128E-003
  -1.4053312517637822E-002
  -3.3767258537139418E-002
  -5.3143813271309563E-002
  -7.1989372590281819E-002
  -9.0115637894854744E-002
 -0.10734149753385178     
 -0.12349483641187212     
 -0.13841425570643054     
 -0.15195068551164018     
 -0.16396887429543611     
 -0.17434874028817571     
 -0.18298657129998702     
 -0.18979606097868740     
 -0.19470917115432518     
 -0.19767681165408382     
 -0.19866933079506116     
 -0.19767681165408379     
 -0.19470917115432518     
 -0.18979606097868737     
 -0.18298657129998699     
 -0.17434874028817571     
 -0.16396887429543608     
 -0.15195068551164012     
 -0.13841425570643051     
 -0.12349483641187205     
 -0.10734149753385178     
  -9.0115637894854744E-002
  -7.1989372590281778E-002
  -5.3143813271309473E-002
  -3.3767258537139327E-002
  -1.4053312517637822E-002
   5.8010495551325128E-003
   2.5597449458319998E-002
   4.5138088107911770E-002
   6.4227721901797472E-002
   8.2675613529302486E-002
  0.10029743775534722     
   4.1545360519270304E-002
   3.2275102026256691E-002
   2.2682361382527039E-002
   1.2862986081654967E-002
   2.9150880757929129E-003
  -7.0619365265224814E-003
  -1.6968400593430719E-002
  -2.6705322010616896E-002
  -3.6175412677878764E-002
  -4.5284050579664850E-002
  -5.3940225216975904E-002
  -6.2057446954186794E-002
  -6.9554611194896074E-002
  -7.6356808752243599E-002
  -8.2396074316743922E-002
  -8.7612065543192313E-002
  -9.1952665971431591E-002
  -9.5374505756794514E-002
  -9.7843395007255571E-002
  -9.9334665397530483E-002
  -9.9833416646828016E-002
  -9.9334665397530469E-002
  -9.7843395007255571E-002
  -9.5374505756794500E-002
  -9.1952665971431577E-002
  -8.7612065543192313E-002
  -8.2396074316743909E-002
  -7.6356808752243585E-002
  -6.9554611194896060E-002
  -6.2057446954186760E-002
  -5.3940225216975904E-002
  -4.5284050579664850E-002
  -3.6175412677878743E-002
  -2.6705322010616851E-002
  -1.6968400593430674E-002
  -7.0619365265224814E-003
   2.9150880757929129E-003
   1.2862986081654988E-002
   2.2682361382527057E-002
   3.2275102026256733E-002
   4.1545360519270304E-002
   5.0400511503045732E-002
  -0.0000000000000000     
  -0.0000000000000000     
  -0.0000000000000000     
  -0.0000000000000000     
  -0.0000000000000000     
   0.0000000000000000     
   0.0000000000000000     
   0.0000000000000000     
   0.0000000000000000     
   0.0000000000000000     
   0.0000000000000000     
   0.0000000000000000     
   0.0000000000000000     
   0.0000000000000000     
   0.0000000000000000     
   0.0000000000000000     
   0.0000000000000000     
   0.0000000000000000     
   0.0000000000000000     
   0.0000000000000000     
   0.0000000000000000     
   0.0000000000000000     
   0.0000000000000000     
   0.0000000000000000     
   0.0000000000000000     
   0.0000000000000000     
   0.0000000000000000     
   0.0000000000000000     
   0.0000000000000000     
   0.0000000000000000     
   0.0000000000000000     
   0.0000000000000000     
   0.0000000000000000     
   0.0000000000000000     
   0.0000000000000000     
   0.0000000000000000     
  -0.0000000000000000     
  -0.0000000000000000     
  -0.0000000000000000     
  -0.0000000000000000     
  -0.0000000000000000     
  -0.0000000000000000     
  -4.1545360519270394E-002
  -3.2275102026256768E-002
  -2.2682361382527088E-002
  -1.2862986081654995E-002
  -2.9150880757929194E-003
   7.0619365265224979E-003
   1.6968400593430757E-002
   2.6705322010616955E-002
   3.6175412677878847E-002
   4.5284050579664954E-002
   5.3940225216976029E-002
   6.2057446954186933E-002
   6.9554611194896240E-002
   7.6356808752243779E-002
   8.2396074316744103E-002
   8.7612065543192508E-002
   9.1952665971431799E-002
   9.5374505756794722E-002
   9.7843395007255793E-002
   9.9334665397530705E-002
   9.9833416646828238E-002
   9.9334665397530691E-002
   9.7843395007255793E-002
   9.5374505756794722E-002
   9.1952665971431785E-002
   8.7612065543192508E-002
   8.2396074316744089E-002
   7.6356808752243752E-002
   6.9554611194896213E-002
   6.2057446954186898E-002
   5.3940225216976029E-002
   4.5284050579664954E-002
   3.6175412677878827E-002
   2.6705322010616910E-002
   1.6968400593430712E-002
   7.0619365265224979E-003
  -2.9150880757929194E-003
  -1.2862986081655018E-002
  -2.2682361382527109E-002
  -3.2275102026256802E-002
  -4.1545360519270394E-002
  -5.0400511503045843E-002
  -8.2675613529302569E-002
  -6.4227721901797458E-002
  -4.5138088107911783E-002
  -2.5597449458319984E-002
  -5.8010495551325198E-003
   1.4053312517637837E-002
   3.3767258537139452E-002
   5.3143813271309626E-002
   7.1989372590281903E-002
   9.0115637894854855E-002
  0.10734149753385189     
  0.12349483641187226     
  0.13841425570643071     
  0.15195068551164034     
  0.16396887429543627     
  0.17434874028817590     
  0.18298657129998722     
  0.18979606097868759     
  0.19470917115432540     
  0.19767681165408404     
  0.19866933079506138     
  0.19767681165408402     
  0.19470917115432540     
  0.18979606097868756     
  0.18298657129998722     
  0.17434874028817590     
  0.16396887429543625     
  0.15195068551164029     
  0.13841425570643065     
  0.12349483641187219     
  0.10734149753385189     
   9.0115637894854855E-002
   7.1989372590281861E-002
   5.3143813271309535E-002
   3.3767258537139369E-002
   1.4053312517637837E-002
  -5.8010495551325198E-003
  -2.5597449458320029E-002
  -4.5138088107911825E-002
  -6.4227721901797541E-002
  -8.2675613529302569E-002
 -0.10029743775534733     
 -0.12297979913787432     
  -9.5538599610957550E-002
  -6.7142809977590409E-002
  -3.8076151581389259E-002
  -8.6290488648892716E-003
   2.0904272455484436E-002
   5.0228725195516709E-002
   7.9051309116804441E-002
  0.10708403848828563     
  0.13404681954446879     
  0.15967024908975111     
  0.18369830628609565     
  0.20589091072861637     
  0.22602632124962321     
  0.24390335148307213     
  0.25934338005223101     
  0.27219213529543168     
  0.28232123669751796     
  0.28962947762551583     
  0.29404383655185612     
  0.29552020666133982     
  0.29404383655185606     
  0.28962947762551583     
  0.28232123669751791     
  0.27219213529543163     
  0.25934338005223101     
  0.24390335148307210     
  0.22602632124962316     
  0.20589091072861629     
  0.18369830628609557     
  0.15967024908975111     
  0.13404681954446879     
  0.10708403848828556     
   7.9051309116804316E-002
   5.0228725195516577E-002
   2.0904272455484436E-002
  -8.6290488648892716E-003
  -3.8076151581389328E-002
  -6.7142809977590465E-002
  -9.5538599610957661E-002
 -0.12297979913787432     
 -0.14919222516352240     
 -0.16205521124517724     
 -0.12589488721366721     
  -8.8476663084435095E-002
  -5.0174409384159617E-002
  -1.1370829570772371E-002
   2.7546363812989593E-002
   6.6188323035149432E-002
  0.10416895041249276     
  0.14110875607099133     
  0.17663864968318180     
  0.21040362829671261     
  0.24206632340649520     
  0.27131037182928819     
  0.29784357670004813     
  0.32140082700641792     
  0.34174674649032788     
  0.35867804544976167     
  0.37202555194225995     
  0.38165590209504857     
  0.38747287263277164     
  0.38941834230865080     
  0.38747287263277158     
  0.38165590209504857     
  0.37202555194225989     
  0.35867804544976162     
  0.34174674649032788     
  0.32140082700641787     
  0.29784357670004807     
  0.27131037182928808     
  0.24206632340649506     
  0.21040362829671261     
  0.17663864968318180     
  0.14110875607099124     
  0.10416895041249259     
   6.6188323035149252E-002
   2.7546363812989593E-002
  -1.1370829570772371E-002
  -5.0174409384159707E-002
  -8.8476663084435164E-002
 -0.12589488721366734     
 -0.16205521124517724     
 -0.19659633317425640     
 -0.19951142125004898     
 -0.15499327471865459     
 -0.10892648662023642     
  -6.1771341073818063E-002
  -1.3998996706280827E-002
   3.3913221008892595E-002
   8.1486589029965598E-002
  0.12824576998933629     
  0.17372356160738880     
  0.21746556482323487     
  0.25903472399992572     
  0.29801569383990489     
  0.33401898937792673     
  0.36668487758608259     
  0.39568697170730360     
  0.42073549240394825     
  0.44158016313715581     
  0.45801271084729200     
  0.46986894694951531     
  0.47703040785184297     
  0.47942553860420301     
  0.47703040785184292     
  0.46986894694951531     
  0.45801271084729195     
  0.44158016313715576     
  0.42073549240394825     
  0.39568697170730355     
  0.36668487758608248     
  0.33401898937792662     
  0.29801569383990473     
  0.25903472399992572     
  0.21746556482323487     
  0.17372356160738869     
  0.12824576998933607     
   8.1486589029965389E-002
   3.3913221008892595E-002
  -1.3998996706280827E-002
  -6.1771341073818167E-002
 -0.10892648662023652     
 -0.15499327471865479     
 -0.19951142125004898     
 -0.24203611561002070     
 -0.23497417908349805     
 -0.18254302065661823     
 -0.12828795270803778     
  -7.2751073942357566E-002
  -1.6487290494153217E-002
   3.9941228510695197E-002
   9.5970667963079542E-002
  0.15104120022486184     
  0.20460257874157997     
  0.25611963592413284     
  0.30507763036642743     
  0.35098738997135753     
  0.39339019959669963     
  0.43186238438518254     
  0.46601954298361331     
  0.49552038835413187     
  0.52007015780147903     
  0.53942355814441167     
  0.55338721660408674     
  0.56182161292094723     
  0.56464247339503548     
  0.56182161292094712     
  0.55338721660408674     
  0.53942355814441156     
  0.52007015780147892     
  0.49552038835413187     
  0.46601954298361326     
  0.43186238438518243     
  0.39339019959669946     
  0.35098738997135737     
  0.30507763036642743     
  0.25611963592413284     
  0.20460257874157986     
  0.15104120022486159     
   9.5970667963079292E-002
   3.9941228510695197E-002
  -1.6487290494153217E-002
  -7.2751073942357691E-002
 -0.12828795270803789     
 -0.18254302065661845     
 -0.23497417908349805     
 -0.28505755318511256     
 -0.26808915259168159     
 -0.20826885707288106     
 -0.14636760797873949     
  -8.3003902128372789E-002
  -1.8810848725381669E-002
   4.5570156460033720E-002
  0.10949583970559146     
  0.17232747671532334     
  0.23343727454160584     
  0.29221464428477240     
  0.34807230189556465     
  0.40045213612322211     
  0.44883078497861334     
  0.49272486499423029     
  0.53169580103201075     
  0.56535420838114392     
  0.59336378336138762     
  0.61544466355827376     
  0.63137622411584338     
  0.64099928214727930     
  0.64421768723769124     
  0.64099928214727919     
  0.63137622411584338     
  0.61544466355827365     
  0.59336378336138762     
  0.56535420838114392     
  0.53169580103201064     
  0.49272486499423013     
  0.44883078497861317     
  0.40045213612322189     
  0.34807230189556465     
  0.29221464428477240     
  0.23343727454160570     
  0.17232747671532303     
  0.10949583970559117     
   4.5570156460033720E-002
  -1.8810848725381669E-002
  -8.3003902128372928E-002
 -0.14636760797873963     
 -0.20826885707288131     
 -0.26808915259168159     
 -0.32523078991627802     
 -0.29852546790566081     
 -0.23191373991380271     
 -0.16298480649321620     
  -9.2427382761763432E-002
  -2.0946455174185984E-002
   5.0743762469514571E-002
  0.12192696521227751     
  0.19189191402233555     
  0.25993954225851568     
  0.32538994051303749     
  0.38758915004156708     
  0.44591569690282035     
  0.49978680152075272     
  0.54866420162544149     
  0.59205953039176085     
  0.62953919603926645     
  0.66072871413793854     
  0.68531644933281932     
  0.70305672910146610     
  0.71377229843258738     
  0.71735609089952290     
  0.71377229843258727     
  0.70305672910146610     
  0.68531644933281932     
  0.66072871413793843     
  0.62953919603926645     
  0.59205953039176074     
  0.54866420162544127     
  0.49978680152075255     
  0.44591569690282012     
  0.38758915004156708     
  0.32538994051303749     
  0.25993954225851551     
  0.19189191402233521     
  0.12192696521227719     
   5.0743762469514571E-002
  -2.0946455174185984E-002
  -9.2427382761763585E-002
 -0.16298480649321634     
 -0.23191373991380299     
 -0.29852546790566081     
 -0.36215442810160570     
 -0.32597901542372665     
 -0.25324141732599581     
 -0.17797351469682682     
 -0.10092735953902926     
  -2.2872771566867355E-002
   5.5410353578057799E-002
  0.13313983678625871     
  0.20953903075547003     
  0.28384457999376722     
  0.35531404801531030     
  0.42323333552029335     
  0.48692381543909780     
  0.54574911354964861     
  0.59912146691828339     
  0.64650759663269719     
  0.68743403614855558     
  0.72149186201069826     
  0.74834077968113111     
  0.76771252364956344     
  0.77941353785370993     
  0.78332690962748364     
  0.77941353785370981     
  0.76771252364956344     
  0.74834077968113111     
  0.72149186201069815     
  0.68743403614855558     
  0.64650759663269719     
  0.59912146691828327     
  0.54574911354964839     
  0.48692381543909752     
  0.42323333552029335     
  0.35531404801531030     
  0.28384457999376705     
  0.20953903075546970     
  0.13313983678625835     
   5.5410353578057799E-002
  -2.2872771566867355E-002
 -0.10092735953902943     
 -0.17797351469682698     
 -0.25324141732599614     
 -0.32597901542372665     
 -0.39545953895368002     
 -0.35017548837401463     
 -0.27203879020675048     
 -0.19118397037180895     
 -0.10841890350193052     
  -2.4570550786785637E-002
   5.9523302749876744E-002
  0.14302241912125030     
  0.22509250275769044     
  0.30491353651226449     
  0.38168797500102275     
  0.45464871341284091     
  0.52306675216712140     
  0.58625848083662824     
  0.64359250855690420     
  0.69449597267507790     
  0.73846026260412878     
  0.77504610169174781     
  0.80388793632744204     
  0.82469758843337460     
  0.83726713484445936     
  0.84147098480789650     
  0.83726713484445936     
  0.82469758843337460     
  0.80388793632744193     
  0.77504610169174770     
  0.73846026260412878     
  0.69449597267507779     
  0.64359250855690397     
  0.58625848083662813     
  0.52306675216712106     
  0.45464871341284091     
  0.38168797500102275     
  0.30491353651226433     
  0.22509250275769008     
  0.14302241912124994     
   5.9523302749876744E-002
  -2.4570550786785637E-002
 -0.10841890350193070     
 -0.19118397037180912     
 -0.27203879020675081     
 -0.35017548837401463     
 -0.42481334881407273     
 -0.37087312359709645     
 -0.28811804141982772     
 -0.20248417901185442     
 -0.11482716161956519     
  -2.6022829185186613E-002
   6.3041514756406875E-002
  0.15147596872130856     
  0.23839692487804501     
  0.32293589776494608     
  0.40424820190979505     
  0.48152139164785107     
  0.55398337881037152     
  0.62091014717437720     
  0.68163298659342297     
  0.73554517452833590     
  0.78210803821827035     
  0.82085633692087279     
  0.85140291044399163     
  0.87344254752233830     
  0.88675503538756151     
  0.89120736006143542     
  0.88675503538756151     
  0.87344254752233830     
  0.85140291044399152     
  0.82085633692087279     
  0.78210803821827035     
  0.73554517452833579     
  0.68163298659342275     
  0.62091014717437698     
  0.55398337881037130     
  0.48152139164785107     
  0.40424820190979505     
  0.32293589776494586     
  0.23839692487804462     
  0.15147596872130817     
   6.3041514756406875E-002
  -2.6022829185186613E-002
 -0.11482716161956538     
 -0.20248417901185461     
 -0.28811804141982805     
 -0.37087312359709645     
 -0.44992256411773862     
 -0.38786511716355138     
 -0.30131851240220020     
 -0.21176123266758412     
 -0.12008810469511030     
  -2.7215096076372871E-002
   6.5929836786245186E-002
  0.15841602051320161     
  0.24931936372856434     
  0.33773159027557553     
  0.42276931441177412     
  0.50358286730732582     
  0.57936478665510671     
  0.64935788456716625     
  0.71286281314580879     
  0.76924505213661531     
  0.81794124884507990     
  0.85846484697051406     
  0.89041094811576904     
  0.91346035739817844     
  0.92738277273931424     
  0.93203908596722640     
  0.92738277273931413     
  0.91346035739817844     
  0.89041094811576893     
  0.85846484697051395     
  0.81794124884507990     
  0.76924505213661520     
  0.71286281314580868     
  0.64935788456716603     
  0.57936478665510649     
  0.50358286730732582     
  0.42276931441177412     
  0.33773159027557531     
  0.24931936372856392     
  0.15841602051320119     
   6.5929836786245186E-002
  -2.7215096076372871E-002
 -0.12008810469511051     
 -0.21176123266758431     
 -0.30131851240220053     
 -0.38786511716355138     
 -0.47053630188536633     
 -0.40098169069046979     
 -0.31150830841130761     
 -0.21892243808545628     
 -0.12414916712439160     
  -2.8135438723678713E-002
   6.8159409680421862E-002
  0.16377323179350101     
  0.25775068591073230     
  0.34915278037539238     
  0.43706625567310603     
  0.52061270941902993     
  0.59895737306412045     
  0.67131745262653852     
  0.73696995011035871     
  0.79525888746255291     
  0.84560186088885914     
  0.88749586003997616     
  0.92052229392470097     
  0.94435117333274499     
  0.95874440797784344     
  0.96355818541719307     
  0.95874440797784333     
  0.94435117333274499     
  0.92052229392470086     
  0.88749586003997605     
  0.84560186088885914     
  0.79525888746255280     
  0.73696995011035848     
  0.67131745262653830     
  0.59895737306412011     
  0.52061270941902993     
  0.43706625567310603     
  0.34915278037539221     
  0.25775068591073186     
  0.16377323179350056     
   6.8159409680421862E-002
  -2.8135438723678713E-002
 -0.12414916712439182     
 -0.21892243808545647     
 -0.31150830841130800     
 -0.40098169069046979     
 -0.48644859646317751     
 -0.41009178771093341     
 -0.31858561637372562     
 -0.22389624286811527     
 -0.12696977211402447     
  -2.8774661367597088E-002
   6.9707956283577094E-002
  0.16749407507795258     
  0.26360664844032922     
  0.35708535130826280     
  0.44699617538264802     
  0.53244076142990082     
  0.61256537539046163     
  0.68656943860731290     
  0.75371352694328253     
  0.81332675886260231     
  0.86481349865744905     
  0.90765930784304594     
  0.94143608525695210     
  0.96580634450436587     
  0.98052658601062381     
  0.98544972998846025     
  0.98052658601062370     
  0.96580634450436587     
  0.94143608525695199     
  0.90765930784304583     
  0.86481349865744905     
  0.81332675886260219     
  0.75371352694328231     
  0.68656943860731268     
  0.61256537539046130     
  0.53244076142990082     
  0.44699617538264802     
  0.35708535130826258     
  0.26360664844032877     
  0.16749407507795214     
   6.9707956283577094E-002
  -2.8774661367597088E-002
 -0.12696977211402469     
 -0.22389624286811546     
 -0.31858561637372601     
 -0.41009178771093341     
 -0.49750045746365595     
 -0.41510438314691145     
 -0.32247972216774085     
 -0.22663295040229403     
 -0.12852173711132051     
  -2.9126377106768877E-002
   7.0560004029933607E-002
  0.16954137293040533     
  0.26682874047548322     
  0.36145004344758480     
  0.45245985706505731     
  0.53894884135407983     
  0.62005282697309316     
  0.69496144970720575     
  0.76292624735955650     
  0.82326813813817867     
  0.87538420581678911     
  0.91875372387442500     
  0.95294335842271083     
  0.97761149793483082     
  0.99251166651498279     
  0.99749498660405445     
  0.99251166651498268     
  0.97761149793483082     
  0.95294335842271072     
  0.91875372387442489     
  0.87538420581678911     
  0.82326813813817856     
  0.76292624735955639     
  0.69496144970720553     
  0.62005282697309283     
  0.53894884135407983     
  0.45245985706505731     
  0.36145004344758458     
  0.26682874047548277     
  0.16954137293040489     
   7.0560004029933607E-002
  -2.9126377106768877E-002
 -0.12852173711132073     
 -0.22663295040229423     
 -0.32247972216774123     
 -0.41510438314691145     
 -0.50358145834494428     
 -0.41596939280175144     
 -0.32315171717547964     
 -0.22710521641094630     
 -0.12878955539503822     
  -2.9187071713790043E-002
   7.0707039540059358E-002
  0.16989466942746431     
  0.26738476793766108     
  0.36220324623227773     
  0.45340270941901639     
  0.54007192260824977     
  0.62134491567082384     
  0.69640963572533687     
  0.76451606090210178     
  0.82498369431374330     
  0.87720836335515451     
  0.92066825639645400     
  0.95492913655230371     
  0.97964868043332765     
  0.99457989852826156     
  0.99957360304150511     
  0.99457989852826145     
  0.97964868043332765     
  0.95492913655230360     
  0.92066825639645389     
  0.87720836335515451     
  0.82498369431374319     
  0.76451606090210156     
  0.69640963572533665     
  0.62134491567082351     
  0.54007192260824977     
  0.45340270941901639     
  0.36220324623227751     
  0.26738476793766064     
  0.16989466942746387     
   7.0707039540059358E-002
  -2.9187071713790043E-002
 -0.12878955539503845     
 -0.22710521641094650     
 -0.32315171717548002     
 -0.41596939280175144     
 -0.50463083975634848     
 -0.41267817378491639     
 -0.32059488704495670     
 -0.22530832216822405     
 -0.12777055101341561     
  -2.8956138748210201E-002
   7.0147593683740642E-002
  0.16855043454731516     
  0.26526917518425902     
  0.35933743390909267     
  0.44981531177547007     
  0.53579878373576051     
  0.61642873136049348     
  0.69089952686571998     
  0.75846708267952379     
  0.81845628611907772     
  0.87026774489340830     
  0.91338377603303333     
  0.94737357840707093     
  0.97189753714573446     
  0.98671061695985018     
  0.99166481045246857     
  0.98671061695985007     
  0.97189753714573446     
  0.94737357840707082     
  0.91338377603303322     
  0.87026774489340830     
  0.81845628611907761     
  0.75846708267952356     
  0.69089952686571976     
  0.61642873136049314     
  0.53579878373576051     
  0.44981531177547007     
  0.35933743390909245     
  0.26526917518425858     
  0.16855043454731472     
   7.0147593683740642E-002
  -2.8956138748210201E-002
 -0.12777055101341583     
 -0.22530832216822425     
 -0.32059488704495709     
 -0.41267817378491639     
 -0.50063811662568525     
 -0.40526361086889012     
 -0.31483477877766058     
 -0.22126022164742623     
 -0.12547490552139579     
  -2.8435885615885139E-002
   6.8887256259045584E-002
  0.16552209944053539     
  0.26050310051874692     
  0.35288124072745131     
  0.44173350822583662     
  0.52617212052771389     
  0.60535339493065665     
  0.67848617831468039     
  0.74483975208269593     
  0.80375113325918868     
  0.85463169879695655     
  0.89697306690402512     
  0.93035217662646419     
  0.95443551493359335     
  0.96898244906994158     
  0.97384763087819515     
  0.96898244906994146     
  0.95443551493359335     
  0.93035217662646408     
  0.89697306690402501     
  0.85463169879695655     
  0.80375113325918857     
  0.74483975208269571     
  0.67848617831468017     
  0.60535339493065632     
  0.52617212052771389     
  0.44173350822583662     
  0.35288124072745108     
  0.26050310051874653     
  0.16552209944053495     
   6.8887256259045584E-002
  -2.8435885615885139E-002
 -0.12547490552139601     
 -0.22126022164742642     
 -0.31483477877766097     
 -0.40526361086889012     
 -0.49164318292265713     
 -0.39379978791540093     
 -0.30592894547135940     
 -0.21500136213083254     
 -0.12192555624989553     
  -2.7631510514140218E-002
   6.6938620140909580E-002
  0.16083992223047738     
  0.25313416498372782     
  0.34289917483549082     
  0.42923804947969485     
  0.51128811942073282     
  0.58822956748190069     
  0.65929362014763260     
  0.72377022889434528     
  0.78101516476057464     
  0.83045645526980549     
  0.87160009939038718     
  0.90403500343054766     
  0.92743708855067108     
  0.94157252885193832     
  0.94630008768741436     
  0.94157252885193821     
  0.92743708855067108     
  0.90403500343054755     
  0.87160009939038707     
  0.83045645526980549     
  0.78101516476057453     
  0.72377022889434506     
  0.65929362014763238     
  0.58822956748190036     
  0.51128811942073282     
  0.42923804947969485     
  0.34289917483549059     
  0.25313416498372743     
  0.16083992223047697     
   6.6938620140909580E-002
  -2.7631510514140218E-002
 -0.12192555624989573     
 -0.21500136213083273     
 -0.30592894547135979     
 -0.39379978791540093     
 -0.47773591305149510     
 -0.37840124765396416     
 -0.29396637126857278     
 -0.20659428007382899     
 -0.11715796712357678     
  -2.6551050493101028E-002
   6.4321155457291571E-002
  0.15455068568410210     
  0.24323599654722150     
  0.32949097373597147     
  0.41245378603038690     
  0.49129549643388193     
  0.56522834463770888     
  0.63351361806156570     
  0.69546903282551154     
  0.75047555090496221     
  0.79798356535400550     
  0.83751839179632803     
  0.86868501131459452     
  0.89117201734889273     
  0.90475472716814420     
  0.90929742682568171     
  0.90475472716814409     
  0.89117201734889273     
  0.86868501131459441     
  0.83751839179632792     
  0.79798356535400550     
  0.75047555090496210     
  0.69546903282551131     
  0.63351361806156548     
  0.56522834463770855     
  0.49129549643388193     
  0.41245378603038690     
  0.32949097373597125     
  0.24323599654722108     
  0.15455068568410171     
   6.4321155457291571E-002
  -2.6551050493101028E-002
 -0.11715796712357698     
 -0.20659428007382916     
 -0.29396637126857311     
 -0.37840124765396416     
 -0.45905526385561973     
 -0.35922184720879108     
 -0.27906658225643338     
 -0.19612297626131711     
 -0.11121977431703421     
  -2.5205301152145174E-002
   6.1061015050091462E-002
  0.14671722977403565     
  0.23090749443634578     
  0.31279060774211742     
  0.39154842069015811     
  0.46639401124736285     
  0.53657954701354660     
  0.60140375731558748     
  0.66021894007218240     
  0.71243743341894195     
  0.75753748743148452     
  0.79506847727821228     
  0.82465540571467288     
  0.84600264993206709     
  0.85889691532263568     
  0.86320936664887349     
  0.85889691532263557     
  0.84600264993206709     
  0.82465540571467277     
  0.79506847727821217     
  0.75753748743148452     
  0.71243743341894183     
  0.66021894007218218     
  0.60140375731558737     
  0.53657954701354638     
  0.46639401124736285     
  0.39154842069015811     
  0.31279060774211725     
  0.23090749443634540     
  0.14671722977403526     
   6.1061015050091462E-002
  -2.5205301152145174E-002
 -0.11121977431703441     
 -0.19612297626131728     
 -0.27906658225643372     
 -0.35922184720879108     
 -0.43578788620679426     
