   2.2507034943851823E-007
   4.9098472508611668E-007
   1.0290723223822425E-006
   2.0722971753801743E-006
   4.0094646895285372E-006
   7.4533063441573419E-006
   1.3311891566818347E-005
   2.2843297277321051E-005
   3.7662230114045541E-005
   5.9659758940535240E-005
   9.0799859524969708E-005
   1.3277523530615568E-004
   1.8654224692989761E-004
   2.5180569500333967E-004
   3.2657438184361672E-004
   4.0693673802128834E-004
   4.8719172845123758E-004
   5.6040388025742403E-004
   6.1934207083725245E-004
   6.5764004562807990E-004
   6.7092525580502371E-004
   6.5764004562807990E-004
   6.1934207083725245E-004
   5.6040388025742403E-004
   4.8719172845123758E-004
   4.0693673802128834E-004
   3.2657438184361613E-004
   2.5180569500333967E-004
   1.8654224692989728E-004
   1.3277523530615546E-004
   9.0799859524969708E-005
   5.9659758940535240E-005
   3.7662230114045474E-005
   2.2843297277321010E-005
   1.3311891566818323E-005
   7.4533063441573419E-006
   4.0094646895285372E-006
   2.0722971753801705E-006
   1.0290723223822408E-006
   4.9098472508611499E-007
   2.2507034943851823E-007
   9.9128106383449605E-008
   4.9098472508611668E-007
   1.0710695605586217E-006
   2.2448927304686883E-006
   4.5206588139621085E-006
   8.7465360197008684E-006
   1.6259181076041051E-005
   2.9039522254333649E-005
   4.9832019463006497E-005
   8.2159110450601448E-005
   1.3014610949508589E-004
   1.9807737526485430E-004
   2.8964549336537600E-004
   4.0693673802128834E-004
   5.4930713994428507E-004
   7.1241295661406872E-004
   8.8772120780574804E-004
   1.0627952435965067E-003
   1.2225055222591457E-003
   1.3510775503876888E-003
   1.4346235202186283E-003
   1.4636048377609455E-003
   1.4346235202186270E-003
   1.3510775503876888E-003
   1.2225055222591446E-003
   1.0627952435965059E-003
   8.8772120780574804E-004
   7.1241295661406872E-004
   5.4930713994428410E-004
   4.0693673802128834E-004
   2.8964549336537551E-004
   1.9807737526485430E-004
   1.3014610949508589E-004
   8.2159110450601299E-005
   4.9832019463006320E-005
   2.9039522254333547E-005
   1.6259181076041051E-005
   8.7465360197008684E-006
   4.5206588139621085E-006
   2.2448927304686803E-006
   1.0710695605586198E-006
   4.9098472508611668E-007
   2.1624521480685076E-007
   1.0290723223822425E-006
   2.2448927304686883E-006
   4.7051504000195418E-006
   9.4750093570951581E-006
   1.8332175472495204E-005
   3.4078195053869081E-005
   6.0864966016807249E-005
   1.0444469935148955E-004
   1.7220019743268070E-004
   2.7277785296402280E-004
   4.1515740543543504E-004
   6.0707827615773355E-004
   8.5291316137130766E-004
   1.1513123429745522E-003
   1.4931716167533584E-003
   1.8606064064098980E-003
   2.2275502956896048E-003
   2.5622927407684226E-003
   2.8317714206936044E-003
   3.0068783859551447E-003
   3.0676213586489261E-003
   3.0068783859551421E-003
   2.8317714206936044E-003
   2.5622927407684204E-003
   2.2275502956896048E-003
   1.8606064064098980E-003
   1.4931716167533571E-003
   1.1513123429745511E-003
   8.5291316137130614E-004
   6.0707827615773247E-004
   4.1515740543543504E-004
   2.7277785296402280E-004
   1.7220019743268040E-004
   1.0444469935148936E-004
   6.0864966016807141E-005
   3.4078195053869081E-005
   1.8332175472495204E-005
   9.4750093570951412E-006
   4.7051504000195334E-006
   2.2448927304686803E-006
   1.0290723223822425E-006
   4.5323602555314039E-007
   2.0722971753801743E-006
   4.5206588139621085E-006
   9.4750093570951581E-006
   1.9080325746158495E-005
   3.6916467991561116E-005
   6.8625057555435936E-005
   1.2256699010644427E-004
   2.1032579610000222E-004
   3.4676861380701114E-004
   5.4930713994428507E-004
   8.3602434922202661E-004
   1.2225055222591468E-003
   1.7175561879486760E-003
   2.3184583478091849E-003
   3.0068783859551478E-003
   3.7468011884448501E-003
   4.4857354389716067E-003
   5.1598239440543651E-003
   5.7024873653592689E-003
   6.0551094907516359E-003
   6.1774308164735435E-003
   6.0551094907516307E-003
   5.7024873653592689E-003
   5.1598239440543599E-003
   4.4857354389716067E-003
   3.7468011884448501E-003
   3.0068783859551447E-003
   2.3184583478091827E-003
   1.7175561879486730E-003
   1.2225055222591446E-003
   8.3602434922202661E-004
   5.4930713994428507E-004
   3.4676861380701114E-004
   2.1032579610000187E-004
   1.2256699010644405E-004
   6.8625057555435936E-005
   3.6916467991561116E-005
   1.9080325746158461E-005
   9.4750093570951412E-006
   4.5206588139621009E-006
   2.0722971753801743E-006
   9.1270527358079549E-007
   4.0094646895285372E-006
   8.7465360197008684E-006
   1.8332175472495204E-005
   3.6916467991561116E-005
   7.1425699283270288E-005
   1.3277523530615546E-004
   2.3714167290867763E-004
   4.0693673802128834E-004
   6.7092525580502371E-004
   1.0627952435965050E-003
   1.6175335022482213E-003
   2.3652943132311454E-003
   3.3231145463478678E-003
   4.4857354389716024E-003
   5.8176852516251629E-003
   7.2492822179315054E-003
   8.6789665414777825E-003
   9.9831878138204252E-003
   1.1033128841521533E-002
   1.1715379426671235E-002
   1.1952045790011875E-002
   1.1715379426671224E-002
   1.1033128841521533E-002
   9.9831878138204166E-003
   8.6789665414777825E-003
   7.2492822179315054E-003
   5.8176852516251577E-003
   4.4857354389715989E-003
   3.3231145463478618E-003
   2.3652943132311415E-003
   1.6175335022482213E-003
   1.0627952435965050E-003
   6.7092525580502251E-004
   4.0693673802128763E-004
   2.3714167290867722E-004
   1.3277523530615546E-004
   7.1425699283270288E-005
   3.6916467991561049E-005
   1.8332175472495170E-005
   8.7465360197008380E-006
   4.0094646895285372E-006
   1.7658951668924294E-006
   7.4533063441573419E-006
   1.6259181076041051E-005
   3.4078195053869081E-005
   6.8625057555435936E-005
   1.3277523530615546E-004
   2.4681960817335912E-004
   4.4082930566029428E-004
   7.5646611356525216E-004
   1.2472017719988889E-003
   1.9756598810624589E-003
   3.0068783859551447E-003
   4.3969119260850661E-003
   6.1774308164735435E-003
   8.3386593958082317E-003
   1.0814658252881920E-002
   1.3475893998170934E-002
   1.6133574278199229E-002
   1.8558027774129487E-002
   2.0509792592808045E-002
   2.1778047337108902E-002
   2.2217993076484612E-002
   2.1778047337108881E-002
   2.0509792592808045E-002
   1.8558027774129470E-002
   1.6133574278199229E-002
   1.3475893998170934E-002
   1.0814658252881909E-002
   8.3386593958082230E-003
   6.1774308164735323E-003
   4.3969119260850583E-003
   3.0068783859551447E-003
   1.9756598810624589E-003
   1.2472017719988879E-003
   7.5646611356525086E-004
   4.4082930566029352E-004
   2.4681960817335912E-004
   1.3277523530615546E-004
   6.8625057555435814E-005
   3.4078195053869020E-005
   1.6259181076040994E-005
   7.4533063441573419E-006
   3.2826720446972662E-006
   1.3311891566818347E-005
   2.9039522254333649E-005
   6.0864966016807249E-005
   1.2256699010644427E-004
   2.3714167290867763E-004
   4.4082930566029428E-004
   7.8733808131015723E-004
   1.3510775503876899E-003
   2.2275502956896087E-003
   3.5286044736686710E-003
   5.3704003539076410E-003
   7.8530536766112553E-003
   1.1033128841521554E-002
   1.4893166141848688E-002
   1.9315395255075571E-002
   2.4068464569447549E-002
   2.8815183686224728E-002
   3.3145350803522509E-002
   3.6631277777468378E-002
   3.8896429490770802E-002
   3.9682189488740596E-002
   3.8896429490770802E-002
   3.6631277777468378E-002
   3.3145350803522509E-002
   2.8815183686224700E-002
   2.4068464569447549E-002
   1.9315395255075554E-002
   1.4893166141848676E-002
   1.1033128841521543E-002
   7.8530536766112415E-003
   5.3704003539076410E-003
   3.5286044736686710E-003
   2.2275502956896048E-003
   1.3510775503876875E-003
   7.8733808131015517E-004
   4.4082930566029428E-004
   2.3714167290867763E-004
   1.2256699010644405E-004
   6.0864966016807141E-005
   2.9039522254333547E-005
   1.3311891566818347E-005
   5.8629784273782402E-006
   2.2843297277321051E-005
   4.9832019463006497E-005
   1.0444469935148955E-004
   2.1032579610000222E-004
   4.0693673802128834E-004
   7.5646611356525216E-004
   1.3510775503876899E-003
   2.3184583478091871E-003
   3.8224915932652788E-003
   6.0551094907516359E-003
   9.2156438599855124E-003
   1.3475893998170958E-002
   1.8932924803420681E-002
   2.5556775299071566E-002
   3.3145350803522537E-002
   4.1301650363425167E-002
   4.9447052940678839E-002
   5.6877649428369086E-002
   6.2859524036735476E-002
   6.6746539920652229E-002
   6.8094909469198758E-002
   6.6746539920652229E-002
   6.2859524036735476E-002
   5.6877649428369058E-002
   4.9447052940678797E-002
   4.1301650363425167E-002
   3.3145350803522509E-002
   2.5556775299071546E-002
   1.8932924803420646E-002
   1.3475893998170934E-002
   9.2156438599855124E-003
   6.0551094907516359E-003
   3.8224915932652754E-003
   2.3184583478091827E-003
   1.3510775503876875E-003
   7.5646611356525216E-004
   4.0693673802128834E-004
   2.1032579610000187E-004
   1.0444469935148936E-004
   4.9832019463006320E-005
   2.2843297277321051E-005
   1.0060911214222859E-005
   3.7662230114045541E-005
   8.2159110450601448E-005
   1.7220019743268070E-004
   3.4676861380701114E-004
   6.7092525580502371E-004
   1.2472017719988889E-003
   2.2275502956896087E-003
   3.8224915932652788E-003
   6.3022231968888828E-003
   9.9831878138204252E-003
   1.5194028055155134E-002
   2.2217993076484612E-002
   3.1215115839965689E-002
   4.2135999046082867E-002
   5.4647444894585138E-002
   6.8094909469198689E-002
   8.1524407956732450E-002
   9.3775390439977013E-002
  0.10363783434545167     
  0.11004644011281446     
  0.11226952566826745     
  0.11004644011281446     
  0.10363783434545167     
   9.3775390439976972E-002
   8.1524407956732381E-002
   6.8094909469198689E-002
   5.4647444894585118E-002
   4.2135999046082846E-002
   3.1215115839965633E-002
   2.2217993076484595E-002
   1.5194028055155134E-002
   9.9831878138204252E-003
   6.3022231968888768E-003
   3.8224915932652689E-003
   2.2275502956896004E-003
   1.2472017719988889E-003
   6.7092525580502371E-004
   3.4676861380701114E-004
   1.7220019743268008E-004
   8.2159110450601299E-005
   3.7662230114045541E-005
   1.6587638321514683E-005
   5.9659758940535240E-005
   1.3014610949508589E-004
   2.7277785296402280E-004
   5.4930713994428507E-004
   1.0627952435965050E-003
   1.9756598810624589E-003
   3.5286044736686710E-003
   6.0551094907516359E-003
   9.9831878138204252E-003
   1.5814108103186869E-002
   2.4068464569447549E-002
   3.5194944831246786E-002
   4.9447052940678797E-002
   6.6746539920652131E-002
   8.6565595803931791E-002
  0.10786737460071200     
  0.12914069378633694     
  0.14854715642866775     
  0.16416999724779752     
  0.17432170292396251     
  0.17784323491877260     
  0.17432170292396251     
  0.16416999724779752     
  0.14854715642866767     
  0.12914069378633683     
  0.10786737460071200     
   8.6565595803931750E-002
   6.6746539920652104E-002
   4.9447052940678728E-002
   3.5194944831246723E-002
   2.4068464569447549E-002
   1.5814108103186869E-002
   9.9831878138204252E-003
   6.0551094907516194E-003
   3.5286044736686619E-003
   1.9756598810624589E-003
   1.0627952435965050E-003
   5.4930713994428410E-004
   2.7277785296402231E-004
   1.3014610949508564E-004
   5.9659758940535240E-005
   2.6276046337608918E-005
   9.0799859524969708E-005
   1.9807737526485430E-004
   4.1515740543543504E-004
   8.3602434922202661E-004
   1.6175335022482213E-003
   3.0068783859551447E-003
   5.3704003539076410E-003
   9.2156438599855124E-003
   1.5194028055155134E-002
   2.4068464569447549E-002
   3.6631277777468357E-002
   5.3565352985276371E-002
   7.5256513614352469E-002
  0.10158566772979701     
  0.13174950885280595     
  0.16416999724779760     
  0.19654717120872309     
  0.22608306128089978     
  0.24986042439716483     
  0.26531093016024343     
  0.27067056647322540     
  0.26531093016024343     
  0.24986042439716483     
  0.22608306128089969     
  0.19654717120872292     
  0.16416999724779760     
  0.13174950885280590     
  0.10158566772979696     
   7.5256513614352330E-002
   5.3565352985276302E-002
   3.6631277777468357E-002
   2.4068464569447549E-002
   1.5194028055155122E-002
   9.2156438599854968E-003
   5.3704003539076315E-003
   3.0068783859551447E-003
   1.6175335022482213E-003
   8.3602434922202509E-004
   4.1515740543543434E-004
   1.9807737526485360E-004
   9.0799859524969708E-005
   3.9991132359494571E-005
   1.3277523530615568E-004
   2.8964549336537600E-004
   6.0707827615773355E-004
   1.2225055222591468E-003
   2.3652943132311454E-003
   4.3969119260850661E-003
   7.8530536766112553E-003
   1.3475893998170958E-002
   2.2217993076484612E-002
   3.5194944831246786E-002
   5.3565352985276371E-002
   7.8327790197974201E-002
  0.11004644011281456     
  0.14854715642866781     
  0.19265527646098615     
  0.24006325702291356     
  0.28740789955540597     
  0.33059777644317329     
  0.36536704810546938     
  0.38796008458178394     
  0.39579739816722947     
  0.38796008458178394     
  0.36536704810546938     
  0.33059777644317306     
  0.28740789955540580     
  0.24006325702291356     
  0.19265527646098607     
  0.14854715642866775     
  0.11004644011281442     
   7.8327790197974062E-002
   5.3565352985276371E-002
   3.5194944831246786E-002
   2.2217993076484612E-002
   1.3475893998170922E-002
   7.8530536766112345E-003
   4.3969119260850661E-003
   2.3652943132311454E-003
   1.2225055222591446E-003
   6.0707827615773247E-004
   2.8964549336537551E-004
   1.3277523530615568E-004
   5.8478416563313295E-005
   1.8654224692989761E-004
   4.0693673802128834E-004
   8.5291316137130766E-004
   1.7175561879486760E-003
   3.3231145463478678E-003
   6.1774308164735435E-003
   1.1033128841521554E-002
   1.8932924803420681E-002
   3.1215115839965689E-002
   4.9447052940678797E-002
   7.5256513614352469E-002
  0.11004644011281456     
  0.15460948088659968     
  0.20870096950953018     
  0.27067056647322563     
  0.33727629453719121     
  0.40379303598931116     
  0.46447254945951805     
  0.51332155390711209     
  0.54506358606802552     
  0.55607460090638861     
  0.54506358606802552     
  0.51332155390711209     
  0.46447254945951777     
  0.40379303598931088     
  0.33727629453719121     
  0.27067056647322552     
  0.20870096950953007     
  0.15460948088659943     
  0.11004644011281442     
   7.5256513614352469E-002
   4.9447052940678797E-002
   3.1215115839965661E-002
   1.8932924803420646E-002
   1.1033128841521533E-002
   6.1774308164735435E-003
   3.3231145463478678E-003
   1.7175561879486730E-003
   8.5291316137130614E-004
   4.0693673802128763E-004
   1.8654224692989761E-004
   8.2159110450601150E-005
   2.5180569500333967E-004
   5.4930713994428507E-004
   1.1513123429745522E-003
   2.3184583478091849E-003
   4.4857354389716024E-003
   8.3386593958082317E-003
   1.4893166141848688E-002
   2.5556775299071566E-002
   4.2135999046082867E-002
   6.6746539920652131E-002
  0.10158566772979701     
  0.14854715642866781     
  0.20870096950953018     
  0.28171684184209006     
  0.36536704810546949     
  0.45527537676762547     
  0.54506358606802530     
  0.62697236176521076     
  0.69291162066011502     
  0.73575888234288478     
  0.75062219770279914     
  0.73575888234288478     
  0.69291162066011480     
  0.62697236176521054     
  0.54506358606802496     
  0.45527537676762547     
  0.36536704810546922     
  0.28171684184208989     
  0.20870096950952990     
  0.14854715642866761     
  0.10158566772979701     
   6.6746539920652131E-002
   4.2135999046082825E-002
   2.5556775299071501E-002
   1.4893166141848648E-002
   8.3386593958082317E-003
   4.4857354389716024E-003
   2.3184583478091806E-003
   1.1513123429745503E-003
   5.4930713994428312E-004
   2.5180569500333967E-004
   1.1090319886435350E-004
   3.2657438184361672E-004
   7.1241295661406872E-004
   1.4931716167533584E-003
   3.0068783859551478E-003
   5.8176852516251629E-003
   1.0814658252881920E-002
   1.9315395255075571E-002
   3.3145350803522537E-002
   5.4647444894585138E-002
   8.6565595803931791E-002
  0.13174950885280595     
  0.19265527646098615     
  0.27067056647322563     
  0.36536704810546949     
  0.47385551736424386     
  0.59046033384802854     
  0.70690936391756054     
  0.81313931948119866     
  0.89865792823444357     
  0.95422783104206921     
  0.97350451191994369     
  0.95422783104206910     
  0.89865792823444335     
  0.81313931948119833     
  0.70690936391756010     
  0.59046033384802854     
  0.47385551736424353     
  0.36536704810546922     
  0.27067056647322524     
  0.19265527646098590     
  0.13174950885280595     
   8.6565595803931791E-002
   5.4647444894585090E-002
   3.3145350803522475E-002
   1.9315395255075519E-002
   1.0814658252881920E-002
   5.8176852516251629E-003
   3.0068783859551421E-003
   1.4931716167533558E-003
   7.1241295661406676E-004
   3.2657438184361672E-004
   1.4383369531465752E-004
   4.0693673802128834E-004
   8.8772120780574804E-004
   1.8606064064098980E-003
   3.7468011884448501E-003
   7.2492822179315054E-003
   1.3475893998170934E-002
   2.4068464569447549E-002
   4.1301650363425167E-002
   6.8094909469198689E-002
  0.10786737460071200     
  0.16416999724779760     
  0.24006325702291356     
  0.33727629453719121     
  0.45527537676762547     
  0.59046033384802854     
  0.73575888234288467     
  0.88086330901199872     
   1.0132339847311793     
   1.1197967331308041     
   1.1890410959403888     
   1.2130613194252668     
   1.1890410959403888     
   1.1197967331308039     
   1.0132339847311789     
  0.88086330901199805     
  0.73575888234288467     
  0.59046033384802832     
  0.45527537676762531     
  0.33727629453719071     
  0.24006325702291323     
  0.16416999724779760     
  0.10786737460071200     
   6.8094909469198633E-002
   4.1301650363425077E-002
   2.4068464569447508E-002
   1.3475893998170934E-002
   7.2492822179315054E-003
   3.7468011884448432E-003
   1.8606064064098948E-003
   8.8772120780574565E-004
   4.0693673802128834E-004
   1.7922782080598973E-004
   4.8719172845123758E-004
   1.0627952435965067E-003
   2.2275502956896048E-003
   4.4857354389716067E-003
   8.6789665414777825E-003
   1.6133574278199229E-002
   2.8815183686224728E-002
   4.9447052940678839E-002
   8.1524407956732450E-002
  0.12914069378633694     
  0.19654717120872309     
  0.28740789955540597     
  0.40379303598931116     
  0.54506358606802530     
  0.70690936391756054     
  0.88086330901199872     
   1.0545848480860975     
   1.2130613194252673     
   1.3406400920712789     
   1.4235406455252197     
   1.4522980741473821     
   1.4235406455252195     
   1.3406400920712787     
   1.2130613194252666     
   1.0545848480860966     
  0.88086330901199872     
  0.70690936391756032     
  0.54506358606802507     
  0.40379303598931049     
  0.28740789955540552     
  0.19654717120872309     
  0.12914069378633694     
   8.1524407956732381E-002
   4.9447052940678728E-002
   2.8815183686224651E-002
   1.6133574278199229E-002
   8.6789665414777825E-003
   4.4857354389715989E-003
   2.2275502956896004E-003
   1.0627952435965031E-003
   4.8719172845123758E-004
   2.1457465902341525E-004
   5.6040388025742403E-004
   1.2225055222591457E-003
   2.5622927407684226E-003
   5.1598239440543651E-003
   9.9831878138204252E-003
   1.8558027774129487E-002
   3.3145350803522509E-002
   5.6877649428369086E-002
   9.3775390439977013E-002
  0.14854715642866775     
  0.22608306128089978     
  0.33059777644317329     
  0.46447254945951805     
  0.62697236176521076     
  0.81313931948119866     
   1.0132339847311793     
   1.2130613194252673     
   1.3953526521420627     
   1.5421031716071329     
   1.6374615061559641     
   1.6705404228225444     
   1.6374615061559639     
   1.5421031716071327     
   1.3953526521420621     
   1.2130613194252664     
   1.0132339847311793     
  0.81313931948119822     
  0.62697236176521043     
  0.46447254945951733     
  0.33059777644317279     
  0.22608306128089978     
  0.14854715642866775     
   9.3775390439976930E-002
   5.6877649428368961E-002
   3.3145350803522419E-002
   1.8558027774129487E-002
   9.9831878138204252E-003
   5.1598239440543555E-003
   2.5622927407684183E-003
   1.2225055222591424E-003
   5.6040388025742403E-004
   2.4681960817335820E-004
   6.1934207083725245E-004
   1.3510775503876888E-003
   2.8317714206936044E-003
   5.7024873653592689E-003
   1.1033128841521533E-002
   2.0509792592808045E-002
   3.6631277777468378E-002
   6.2859524036735476E-002
  0.10363783434545167     
  0.16416999724779752     
  0.24986042439716483     
  0.36536704810546938     
  0.51332155390711209     
  0.69291162066011502     
  0.89865792823444357     
   1.1197967331308041     
   1.3406400920712789     
   1.5421031716071329     
   1.7042875779324229     
   1.8096748360719193     
   1.8462326927732717     
   1.8096748360719193     
   1.7042875779324225     
   1.5421031716071321     
   1.3406400920712780     
   1.1197967331308041     
  0.89865792823444302     
  0.69291162066011458     
  0.51332155390711132     
  0.36536704810546888     
  0.24986042439716483     
  0.16416999724779752     
  0.10363783434545158     
   6.2859524036735337E-002
   3.6631277777468295E-002
   2.0509792592808045E-002
   1.1033128841521533E-002
   5.7024873653592593E-003
   2.8317714206935992E-003
   1.3510775503876851E-003
   6.1934207083725245E-004
   2.7277785296402182E-004
   6.5764004562807990E-004
   1.4346235202186283E-003
   3.0068783859551447E-003
   6.0551094907516359E-003
   1.1715379426671235E-002
   2.1778047337108902E-002
   3.8896429490770802E-002
   6.6746539920652229E-002
  0.11004644011281446     
  0.17432170292396251     
  0.26531093016024343     
  0.38796008458178394     
  0.54506358606802552     
  0.73575888234288478     
  0.95422783104206921     
   1.1890410959403888     
   1.4235406455252197     
   1.6374615061559641     
   1.8096748360719193     
   1.9215788783046466     
   1.9603973466135107     
   1.9215788783046464     
   1.8096748360719190     
   1.6374615061559632     
   1.4235406455252186     
   1.1890410959403888     
  0.95422783104206865     
  0.73575888234288433     
  0.54506358606802474     
  0.38796008458178333     
  0.26531093016024343     
  0.17432170292396251     
  0.11004644011281436     
   6.6746539920652076E-002
   3.8896429490770698E-002
   2.1778047337108902E-002
   1.1715379426671235E-002
   6.0551094907516255E-003
   3.0068783859551395E-003
   1.4346235202186244E-003
   6.5764004562807990E-004
   2.8964549336537497E-004
   6.7092525580502371E-004
   1.4636048377609455E-003
   3.0676213586489261E-003
   6.1774308164735435E-003
   1.1952045790011875E-002
   2.2217993076484612E-002
   3.9682189488740596E-002
   6.8094909469198758E-002
  0.11226952566826745     
  0.17784323491877260     
  0.27067056647322540     
  0.39579739816722947     
  0.55607460090638861     
  0.75062219770279914     
  0.97350451191994369     
   1.2130613194252668     
   1.4522980741473821     
   1.6705404228225444     
   1.8462326927732717     
   1.9603973466135107     
   2.0000000000000000     
   1.9603973466135105     
   1.8462326927732713     
   1.6705404228225436     
   1.4522980741473810     
   1.2130613194252668     
  0.97350451191994314     
  0.75062219770279870     
  0.55607460090638772     
  0.39579739816722886     
  0.27067056647322540     
  0.17784323491877260     
  0.11226952566826735     
   6.8094909469198606E-002
   3.9682189488740485E-002
   2.2217993076484612E-002
   1.1952045790011875E-002
   6.1774308164735323E-003
   3.0676213586489209E-003
   1.4636048377609416E-003
   6.7092525580502371E-004
   2.9549672046406625E-004
   6.5764004562807990E-004
   1.4346235202186270E-003
   3.0068783859551421E-003
   6.0551094907516307E-003
   1.1715379426671224E-002
   2.1778047337108881E-002
   3.8896429490770802E-002
   6.6746539920652229E-002
  0.11004644011281446     
  0.17432170292396251     
  0.26531093016024343     
  0.38796008458178394     
  0.54506358606802552     
  0.73575888234288478     
  0.95422783104206910     
   1.1890410959403888     
   1.4235406455252195     
   1.6374615061559639     
   1.8096748360719193     
   1.9215788783046464     
   1.9603973466135105     
   1.9215788783046464     
   1.8096748360719188     
   1.6374615061559632     
   1.4235406455252186     
   1.1890410959403888     
  0.95422783104206854     
  0.73575888234288411     
  0.54506358606802474     
  0.38796008458178333     
  0.26531093016024343     
  0.17432170292396251     
  0.11004644011281436     
   6.6746539920652076E-002
   3.8896429490770698E-002
   2.1778047337108881E-002
   1.1715379426671224E-002
   6.0551094907516194E-003
   3.0068783859551369E-003
   1.4346235202186231E-003
   6.5764004562807990E-004
   2.8964549336537497E-004
   6.1934207083725245E-004
   1.3510775503876888E-003
   2.8317714206936044E-003
   5.7024873653592689E-003
   1.1033128841521533E-002
   2.0509792592808045E-002
   3.6631277777468378E-002
   6.2859524036735476E-002
  0.10363783434545167     
  0.16416999724779752     
  0.24986042439716483     
  0.36536704810546938     
  0.51332155390711209     
  0.69291162066011480     
  0.89865792823444335     
   1.1197967331308039     
   1.3406400920712787     
   1.5421031716071327     
   1.7042875779324225     
   1.8096748360719190     
   1.8462326927732713     
   1.8096748360719188     
   1.7042875779324222     
   1.5421031716071318     
   1.3406400920712778     
   1.1197967331308039     
  0.89865792823444279     
  0.69291162066011436     
  0.51332155390711121     
  0.36536704810546883     
  0.24986042439716483     
  0.16416999724779752     
  0.10363783434545158     
   6.2859524036735337E-002
   3.6631277777468260E-002
   2.0509792592808045E-002
   1.1033128841521533E-002
   5.7024873653592593E-003
   2.8317714206935992E-003
   1.3510775503876851E-003
   6.1934207083725245E-004
   2.7277785296402182E-004
   5.6040388025742403E-004
   1.2225055222591446E-003
   2.5622927407684204E-003
   5.1598239440543599E-003
   9.9831878138204166E-003
   1.8558027774129470E-002
   3.3145350803522509E-002
   5.6877649428369058E-002
   9.3775390439976972E-002
  0.14854715642866767     
  0.22608306128089969     
  0.33059777644317306     
  0.46447254945951777     
  0.62697236176521054     
  0.81313931948119833     
   1.0132339847311789     
   1.2130613194252666     
   1.3953526521420621     
   1.5421031716071321     
   1.6374615061559632     
   1.6705404228225436     
   1.6374615061559632     
   1.5421031716071318     
   1.3953526521420612     
   1.2130613194252657     
   1.0132339847311789     
  0.81313931948119778     
  0.62697236176521010     
  0.46447254945951705     
  0.33059777644317256     
  0.22608306128089969     
  0.14854715642866767     
   9.3775390439976888E-002
   5.6877649428368933E-002
   3.3145350803522419E-002
   1.8558027774129470E-002
   9.9831878138204166E-003
   5.1598239440543512E-003
   2.5622927407684161E-003
   1.2225055222591413E-003
   5.6040388025742403E-004
   2.4681960817335820E-004
   4.8719172845123758E-004
   1.0627952435965059E-003
   2.2275502956896048E-003
   4.4857354389716067E-003
   8.6789665414777825E-003
   1.6133574278199229E-002
   2.8815183686224700E-002
   4.9447052940678797E-002
   8.1524407956732381E-002
  0.12914069378633683     
  0.19654717120872292     
  0.28740789955540580     
  0.40379303598931088     
  0.54506358606802496     
  0.70690936391756010     
  0.88086330901199805     
   1.0545848480860966     
   1.2130613194252664     
   1.3406400920712780     
   1.4235406455252186     
   1.4522980741473810     
   1.4235406455252186     
   1.3406400920712778     
   1.2130613194252657     
   1.0545848480860960     
  0.88086330901199805     
  0.70690936391755976     
  0.54506358606802463     
  0.40379303598931027     
  0.28740789955540536     
  0.19654717120872292     
  0.12914069378633683     
   8.1524407956732312E-002
   4.9447052940678686E-002
   2.8815183686224623E-002
   1.6133574278199229E-002
   8.6789665414777825E-003
   4.4857354389715989E-003
   2.2275502956896004E-003
   1.0627952435965031E-003
   4.8719172845123758E-004
   2.1457465902341525E-004
   4.0693673802128834E-004
   8.8772120780574804E-004
   1.8606064064098980E-003
   3.7468011884448501E-003
   7.2492822179315054E-003
   1.3475893998170934E-002
   2.4068464569447549E-002
   4.1301650363425167E-002
   6.8094909469198689E-002
  0.10786737460071200     
  0.16416999724779760     
  0.24006325702291356     
  0.33727629453719121     
  0.45527537676762547     
  0.59046033384802854     
  0.73575888234288467     
  0.88086330901199872     
   1.0132339847311793     
   1.1197967331308041     
   1.1890410959403888     
   1.2130613194252668     
   1.1890410959403888     
   1.1197967331308039     
   1.0132339847311789     
  0.88086330901199805     
  0.73575888234288467     
  0.59046033384802832     
  0.45527537676762531     
  0.33727629453719071     
  0.24006325702291323     
  0.16416999724779760     
  0.10786737460071200     
   6.8094909469198633E-002
   4.1301650363425077E-002
   2.4068464569447508E-002
   1.3475893998170934E-002
   7.2492822179315054E-003
   3.7468011884448432E-003
   1.8606064064098948E-003
   8.8772120780574565E-004
   4.0693673802128834E-004
   1.7922782080598973E-004
   3.2657438184361613E-004
   7.1241295661406872E-004
   1.4931716167533571E-003
   3.0068783859551447E-003
   5.8176852516251577E-003
   1.0814658252881909E-002
   1.9315395255075554E-002
   3.3145350803522509E-002
   5.4647444894585118E-002
   8.6565595803931750E-002
  0.13174950885280590     
  0.19265527646098607     
  0.27067056647322552     
  0.36536704810546922     
  0.47385551736424353     
  0.59046033384802832     
  0.70690936391756032     
  0.81313931948119822     
  0.89865792823444302     
  0.95422783104206865     
  0.97350451191994314     
  0.95422783104206854     
  0.89865792823444279     
  0.81313931948119778     
  0.70690936391755976     
  0.59046033384802832     
  0.47385551736424331     
  0.36536704810546905     
  0.27067056647322513     
  0.19265527646098574     
  0.13174950885280590     
   8.6565595803931750E-002
   5.4647444894585069E-002
   3.3145350803522447E-002
   1.9315395255075501E-002
   1.0814658252881909E-002
   5.8176852516251577E-003
   3.0068783859551395E-003
   1.4931716167533545E-003
   7.1241295661406611E-004
   3.2657438184361613E-004
   1.4383369531465725E-004
   2.5180569500333967E-004
   5.4930713994428410E-004
   1.1513123429745511E-003
   2.3184583478091827E-003
   4.4857354389715989E-003
   8.3386593958082230E-003
   1.4893166141848676E-002
   2.5556775299071546E-002
   4.2135999046082846E-002
   6.6746539920652104E-002
  0.10158566772979696     
  0.14854715642866775     
  0.20870096950953007     
  0.28171684184208989     
  0.36536704810546922     
  0.45527537676762531     
  0.54506358606802507     
  0.62697236176521043     
  0.69291162066011458     
  0.73575888234288433     
  0.75062219770279870     
  0.73575888234288411     
  0.69291162066011436     
  0.62697236176521010     
  0.54506358606802463     
  0.45527537676762531     
  0.36536704810546905     
  0.28171684184208967     
  0.20870096950952971     
  0.14854715642866748     
  0.10158566772979696     
   6.6746539920652104E-002
   4.2135999046082812E-002
   2.5556775299071476E-002
   1.4893166141848636E-002
   8.3386593958082230E-003
   4.4857354389715989E-003
   2.3184583478091788E-003
   1.1513123429745492E-003
   5.4930713994428312E-004
   2.5180569500333967E-004
   1.1090319886435350E-004
   1.8654224692989728E-004
   4.0693673802128834E-004
   8.5291316137130614E-004
   1.7175561879486730E-003
   3.3231145463478618E-003
   6.1774308164735323E-003
   1.1033128841521543E-002
   1.8932924803420646E-002
   3.1215115839965633E-002
   4.9447052940678728E-002
   7.5256513614352330E-002
  0.11004644011281442     
  0.15460948088659943     
  0.20870096950952990     
  0.27067056647322524     
  0.33727629453719071     
  0.40379303598931049     
  0.46447254945951733     
  0.51332155390711132     
  0.54506358606802474     
  0.55607460090638772     
  0.54506358606802474     
  0.51332155390711121     
  0.46447254945951705     
  0.40379303598931027     
  0.33727629453719071     
  0.27067056647322513     
  0.20870096950952971     
  0.15460948088659920     
  0.11004644011281423     
   7.5256513614352330E-002
   4.9447052940678728E-002
   3.1215115839965606E-002
   1.8932924803420612E-002
   1.1033128841521514E-002
   6.1774308164735323E-003
   3.3231145463478618E-003
   1.7175561879486699E-003
   8.5291316137130462E-004
   4.0693673802128693E-004
   1.8654224692989728E-004
   8.2159110450601014E-005
   1.3277523530615546E-004
   2.8964549336537551E-004
   6.0707827615773247E-004
   1.2225055222591446E-003
   2.3652943132311415E-003
   4.3969119260850583E-003
   7.8530536766112415E-003
   1.3475893998170934E-002
   2.2217993076484595E-002
   3.5194944831246723E-002
   5.3565352985276302E-002
   7.8327790197974062E-002
  0.11004644011281442     
  0.14854715642866761     
  0.19265527646098590     
  0.24006325702291323     
  0.28740789955540552     
  0.33059777644317279     
  0.36536704810546888     
  0.38796008458178333     
  0.39579739816722886     
  0.38796008458178333     
  0.36536704810546883     
  0.33059777644317256     
  0.28740789955540536     
  0.24006325702291323     
  0.19265527646098574     
  0.14854715642866748     
  0.11004644011281423     
   7.8327790197973951E-002
   5.3565352985276302E-002
   3.5194944831246723E-002
   2.2217993076484574E-002
   1.3475893998170898E-002
   7.8530536766112206E-003
   4.3969119260850583E-003
   2.3652943132311415E-003
   1.2225055222591424E-003
   6.0707827615773138E-004
   2.8964549336537497E-004
   1.3277523530615546E-004
   5.8478416563313186E-005
   9.0799859524969708E-005
   1.9807737526485430E-004
   4.1515740543543504E-004
   8.3602434922202661E-004
   1.6175335022482213E-003
   3.0068783859551447E-003
   5.3704003539076410E-003
   9.2156438599855124E-003
   1.5194028055155134E-002
   2.4068464569447549E-002
   3.6631277777468357E-002
   5.3565352985276371E-002
   7.5256513614352469E-002
  0.10158566772979701     
  0.13174950885280595     
  0.16416999724779760     
  0.19654717120872309     
  0.22608306128089978     
  0.24986042439716483     
  0.26531093016024343     
  0.27067056647322540     
  0.26531093016024343     
  0.24986042439716483     
  0.22608306128089969     
  0.19654717120872292     
  0.16416999724779760     
  0.13174950885280590     
  0.10158566772979696     
   7.5256513614352330E-002
   5.3565352985276302E-002
   3.6631277777468357E-002
   2.4068464569447549E-002
   1.5194028055155122E-002
   9.2156438599854968E-003
   5.3704003539076315E-003
   3.0068783859551447E-003
   1.6175335022482213E-003
   8.3602434922202509E-004
   4.1515740543543434E-004
   1.9807737526485360E-004
   9.0799859524969708E-005
   3.9991132359494571E-005
   5.9659758940535240E-005
   1.3014610949508589E-004
   2.7277785296402280E-004
   5.4930713994428507E-004
   1.0627952435965050E-003
   1.9756598810624589E-003
   3.5286044736686710E-003
   6.0551094907516359E-003
   9.9831878138204252E-003
   1.5814108103186869E-002
   2.4068464569447549E-002
   3.5194944831246786E-002
   4.9447052940678797E-002
   6.6746539920652131E-002
   8.6565595803931791E-002
  0.10786737460071200     
  0.12914069378633694     
  0.14854715642866775     
  0.16416999724779752     
  0.17432170292396251     
  0.17784323491877260     
  0.17432170292396251     
  0.16416999724779752     
  0.14854715642866767     
  0.12914069378633683     
  0.10786737460071200     
   8.6565595803931750E-002
   6.6746539920652104E-002
   4.9447052940678728E-002
   3.5194944831246723E-002
   2.4068464569447549E-002
   1.5814108103186869E-002
   9.9831878138204252E-003
   6.0551094907516194E-003
   3.5286044736686619E-003
   1.9756598810624589E-003
   1.0627952435965050E-003
   5.4930713994428410E-004
   2.7277785296402231E-004
   1.3014610949508564E-004
   5.9659758940535240E-005
   2.6276046337608918E-005
   3.7662230114045474E-005
   8.2159110450601299E-005
   1.7220019743268040E-004
   3.4676861380701114E-004
   6.7092525580502251E-004
   1.2472017719988879E-003
   2.2275502956896048E-003
   3.8224915932652754E-003
   6.3022231968888768E-003
   9.9831878138204252E-003
   1.5194028055155122E-002
   2.2217993076484612E-002
   3.1215115839965661E-002
   4.2135999046082825E-002
   5.4647444894585090E-002
   6.8094909469198633E-002
   8.1524407956732381E-002
   9.3775390439976930E-002
  0.10363783434545158     
  0.11004644011281436     
  0.11226952566826735     
  0.11004644011281436     
  0.10363783434545158     
   9.3775390439976888E-002
   8.1524407956732312E-002
   6.8094909469198633E-002
   5.4647444894585069E-002
   4.2135999046082812E-002
   3.1215115839965606E-002
   2.2217993076484574E-002
   1.5194028055155122E-002
   9.9831878138204252E-003
   6.3022231968888716E-003
   3.8224915932652689E-003
   2.2275502956896004E-003
   1.2472017719988879E-003
   6.7092525580502251E-004
   3.4676861380701049E-004
   1.7220019743268008E-004
   8.2159110450601150E-005
   3.7662230114045474E-005
   1.6587638321514653E-005
   2.2843297277321010E-005
   4.9832019463006320E-005
   1.0444469935148936E-004
   2.1032579610000187E-004
   4.0693673802128763E-004
   7.5646611356525086E-004
   1.3510775503876875E-003
   2.3184583478091827E-003
   3.8224915932652689E-003
   6.0551094907516194E-003
   9.2156438599854968E-003
   1.3475893998170922E-002
   1.8932924803420646E-002
   2.5556775299071501E-002
   3.3145350803522475E-002
   4.1301650363425077E-002
   4.9447052940678728E-002
   5.6877649428368961E-002
   6.2859524036735337E-002
   6.6746539920652076E-002
   6.8094909469198606E-002
   6.6746539920652076E-002
   6.2859524036735337E-002
   5.6877649428368933E-002
   4.9447052940678686E-002
   4.1301650363425077E-002
   3.3145350803522447E-002
   2.5556775299071476E-002
   1.8932924803420612E-002
   1.3475893998170898E-002
   9.2156438599854968E-003
   6.0551094907516194E-003
   3.8224915932652689E-003
   2.3184583478091767E-003
   1.3510775503876840E-003
   7.5646611356525086E-004
   4.0693673802128763E-004
   2.1032579610000149E-004
   1.0444469935148919E-004
   4.9832019463006232E-005
   2.2843297277321010E-005
   1.0060911214222842E-005
   1.3311891566818323E-005
   2.9039522254333547E-005
   6.0864966016807141E-005
   1.2256699010644405E-004
   2.3714167290867722E-004
   4.4082930566029352E-004
   7.8733808131015517E-004
   1.3510775503876875E-003
   2.2275502956896004E-003
   3.5286044736686619E-003
   5.3704003539076315E-003
   7.8530536766112345E-003
   1.1033128841521533E-002
   1.4893166141848648E-002
   1.9315395255075519E-002
   2.4068464569447508E-002
   2.8815183686224651E-002
   3.3145350803522419E-002
   3.6631277777468295E-002
   3.8896429490770698E-002
   3.9682189488740485E-002
   3.8896429490770698E-002
   3.6631277777468260E-002
   3.3145350803522419E-002
   2.8815183686224623E-002
   2.4068464569447508E-002
   1.9315395255075501E-002
   1.4893166141848636E-002
   1.1033128841521514E-002
   7.8530536766112206E-003
   5.3704003539076315E-003
   3.5286044736686619E-003
   2.2275502956896004E-003
   1.3510775503876840E-003
   7.8733808131015300E-004
   4.4082930566029352E-004
   2.3714167290867722E-004
   1.2256699010644383E-004
   6.0864966016807032E-005
   2.9039522254333493E-005
   1.3311891566818323E-005
   5.8629784273782301E-006
   7.4533063441573419E-006
   1.6259181076041051E-005
   3.4078195053869081E-005
   6.8625057555435936E-005
   1.3277523530615546E-004
   2.4681960817335912E-004
   4.4082930566029428E-004
   7.5646611356525216E-004
   1.2472017719988889E-003
   1.9756598810624589E-003
   3.0068783859551447E-003
   4.3969119260850661E-003
   6.1774308164735435E-003
   8.3386593958082317E-003
   1.0814658252881920E-002
   1.3475893998170934E-002
   1.6133574278199229E-002
   1.8558027774129487E-002
   2.0509792592808045E-002
   2.1778047337108902E-002
   2.2217993076484612E-002
   2.1778047337108881E-002
   2.0509792592808045E-002
   1.8558027774129470E-002
   1.6133574278199229E-002
   1.3475893998170934E-002
   1.0814658252881909E-002
   8.3386593958082230E-003
   6.1774308164735323E-003
   4.3969119260850583E-003
   3.0068783859551447E-003
   1.9756598810624589E-003
   1.2472017719988879E-003
   7.5646611356525086E-004
   4.4082930566029352E-004
   2.4681960817335912E-004
   1.3277523530615546E-004
   6.8625057555435814E-005
   3.4078195053869020E-005
   1.6259181076040994E-005
   7.4533063441573419E-006
   3.2826720446972662E-006
   4.0094646895285372E-006
   8.7465360197008684E-006
   1.8332175472495204E-005
   3.6916467991561116E-005
   7.1425699283270288E-005
   1.3277523530615546E-004
   2.3714167290867763E-004
   4.0693673802128834E-004
   6.7092525580502371E-004
   1.0627952435965050E-003
   1.6175335022482213E-003
   2.3652943132311454E-003
   3.3231145463478678E-003
   4.4857354389716024E-003
   5.8176852516251629E-003
   7.2492822179315054E-003
   8.6789665414777825E-003
   9.9831878138204252E-003
   1.1033128841521533E-002
   1.1715379426671235E-002
   1.1952045790011875E-002
   1.1715379426671224E-002
   1.1033128841521533E-002
   9.9831878138204166E-003
   8.6789665414777825E-003
   7.2492822179315054E-003
   5.8176852516251577E-003
   4.4857354389715989E-003
   3.3231145463478618E-003
   2.3652943132311415E-003
   1.6175335022482213E-003
   1.0627952435965050E-003
   6.7092525580502251E-004
   4.0693673802128763E-004
   2.3714167290867722E-004
   1.3277523530615546E-004
   7.1425699283270288E-005
   3.6916467991561049E-005
   1.8332175472495170E-005
   8.7465360197008380E-006
   4.0094646895285372E-006
   1.7658951668924294E-006
   2.0722971753801705E-006
   4.5206588139621085E-006
   9.4750093570951412E-006
   1.9080325746158461E-005
   3.6916467991561049E-005
   6.8625057555435814E-005
   1.2256699010644405E-004
   2.1032579610000187E-004
   3.4676861380701114E-004
   5.4930713994428410E-004
   8.3602434922202509E-004
   1.2225055222591446E-003
   1.7175561879486730E-003
   2.3184583478091806E-003
   3.0068783859551421E-003
   3.7468011884448432E-003
   4.4857354389715989E-003
   5.1598239440543555E-003
   5.7024873653592593E-003
   6.0551094907516255E-003
   6.1774308164735323E-003
   6.0551094907516194E-003
   5.7024873653592593E-003
   5.1598239440543512E-003
   4.4857354389715989E-003
   3.7468011884448432E-003
   3.0068783859551395E-003
   2.3184583478091788E-003
   1.7175561879486699E-003
   1.2225055222591424E-003
   8.3602434922202509E-004
   5.4930713994428410E-004
   3.4676861380701049E-004
   2.1032579610000149E-004
   1.2256699010644383E-004
   6.8625057555435814E-005
   3.6916467991561049E-005
   1.9080325746158427E-005
   9.4750093570951242E-006
   4.5206588139620924E-006
   2.0722971753801705E-006
   9.1270527358079390E-007
   1.0290723223822408E-006
   2.2448927304686803E-006
   4.7051504000195334E-006
   9.4750093570951412E-006
   1.8332175472495170E-005
   3.4078195053869020E-005
   6.0864966016807141E-005
   1.0444469935148936E-004
   1.7220019743268008E-004
   2.7277785296402231E-004
   4.1515740543543434E-004
   6.0707827615773247E-004
   8.5291316137130614E-004
   1.1513123429745503E-003
   1.4931716167533558E-003
   1.8606064064098948E-003
   2.2275502956896004E-003
   2.5622927407684183E-003
   2.8317714206935992E-003
   3.0068783859551395E-003
   3.0676213586489209E-003
   3.0068783859551369E-003
   2.8317714206935992E-003
   2.5622927407684161E-003
   2.2275502956896004E-003
   1.8606064064098948E-003
   1.4931716167533545E-003
   1.1513123429745492E-003
   8.5291316137130462E-004
   6.0707827615773138E-004
   4.1515740543543434E-004
   2.7277785296402231E-004
   1.7220019743268008E-004
   1.0444469935148919E-004
   6.0864966016807032E-005
   3.4078195053869020E-005
   1.8332175472495170E-005
   9.4750093570951242E-006
   4.7051504000195249E-006
   2.2448927304686764E-006
   1.0290723223822408E-006
   4.5323602555313960E-007
   4.9098472508611499E-007
   1.0710695605586198E-006
   2.2448927304686803E-006
   4.5206588139621009E-006
   8.7465360197008380E-006
   1.6259181076040994E-005
   2.9039522254333547E-005
   4.9832019463006320E-005
   8.2159110450601299E-005
   1.3014610949508564E-004
   1.9807737526485360E-004
   2.8964549336537551E-004
   4.0693673802128763E-004
   5.4930713994428312E-004
   7.1241295661406676E-004
   8.8772120780574565E-004
   1.0627952435965031E-003
   1.2225055222591424E-003
   1.3510775503876851E-003
   1.4346235202186244E-003
   1.4636048377609416E-003
   1.4346235202186231E-003
   1.3510775503876851E-003
   1.2225055222591413E-003
   1.0627952435965031E-003
   8.8772120780574565E-004
   7.1241295661406611E-004
   5.4930713994428312E-004
   4.0693673802128693E-004
   2.8964549336537497E-004
   1.9807737526485360E-004
   1.3014610949508564E-004
   8.2159110450601150E-005
   4.9832019463006232E-005
   2.9039522254333493E-005
   1.6259181076040994E-005
   8.7465360197008380E-006
   4.5206588139620924E-006
   2.2448927304686764E-006
   1.0710695605586160E-006
   4.9098472508611499E-007
   2.1624521480684999E-007
   2.2507034943851823E-007
   4.9098472508611668E-007
   1.0290723223822425E-006
   2.0722971753801743E-006
   4.0094646895285372E-006
   7.4533063441573419E-006
   1.3311891566818347E-005
   2.2843297277321051E-005
   3.7662230114045541E-005
   5.9659758940535240E-005
   9.0799859524969708E-005
   1.3277523530615568E-004
   1.8654224692989761E-004
   2.5180569500333967E-004
   3.2657438184361672E-004
   4.0693673802128834E-004
   4.8719172845123758E-004
   5.6040388025742403E-004
   6.1934207083725245E-004
   6.5764004562807990E-004
   6.7092525580502371E-004
   6.5764004562807990E-004
   6.1934207083725245E-004
   5.6040388025742403E-004
   4.8719172845123758E-004
   4.0693673802128834E-004
   3.2657438184361613E-004
   2.5180569500333967E-004
   1.8654224692989728E-004
   1.3277523530615546E-004
   9.0799859524969708E-005
   5.9659758940535240E-005
   3.7662230114045474E-005
   2.2843297277321010E-005
   1.3311891566818323E-005
   7.4533063441573419E-006
   4.0094646895285372E-006
   2.0722971753801705E-006
   1.0290723223822408E-006
   4.9098472508611499E-007
   2.2507034943851823E-007
   9.9128106383449605E-008
   9.9128106383449605E-008
   2.1624521480685076E-007
   4.5323602555314039E-007
   9.1270527358079549E-007
   1.7658951668924294E-006
   3.2826720446972662E-006
   5.8629784273782402E-006
   1.0060911214222859E-005
   1.6587638321514683E-005
   2.6276046337608918E-005
   3.9991132359494571E-005
   5.8478416563313295E-005
   8.2159110450601150E-005
   1.1090319886435350E-004
   1.4383369531465752E-004
   1.7922782080598973E-004
   2.1457465902341525E-004
   2.4681960817335820E-004
   2.7277785296402182E-004
   2.8964549336537497E-004
   2.9549672046406625E-004
   2.8964549336537497E-004
   2.7277785296402182E-004
   2.4681960817335820E-004
   2.1457465902341525E-004
   1.7922782080598973E-004
   1.4383369531465725E-004
   1.1090319886435350E-004
   8.2159110450601014E-005
   5.8478416563313186E-005
   3.9991132359494571E-005
   2.6276046337608918E-005
   1.6587638321514653E-005
   1.0060911214222842E-005
   5.8629784273782301E-006
   3.2826720446972662E-006
   1.7658951668924294E-006
   9.1270527358079390E-007
   4.5323602555313960E-007
   2.1624521480684999E-007
   9.9128106383449605E-008
   4.3659155902509252E-008
